{"/home/spriadka/FeeedHenry/raincatcher-user/lib/constants.js":{"path":"/home/spriadka/FeeedHenry/raincatcher-user/lib/constants.js","s":{"1":1},"b":{},"f":{},"fnMap":{},"statementMap":{"1":{"start":{"line":1,"column":0},"end":{"line":20,"column":2}}},"branchMap":{}},"/home/spriadka/FeeedHenry/raincatcher-user/lib/client/user/user-client.js":{"path":"/home/spriadka/FeeedHenry/raincatcher-user/lib/client/user/user-client.js","s":{"1":1,"2":1,"3":1,"4":1,"5":1,"6":1,"7":1,"8":1,"9":1,"10":1,"11":1,"12":1,"13":1,"14":1,"15":1,"16":1,"17":1,"18":1,"19":0,"20":0,"21":1,"22":1,"23":1,"24":1,"25":2,"26":2,"27":2,"28":2,"29":2,"30":2,"31":0,"32":0,"33":0,"34":2,"35":1,"36":1,"37":1,"38":1,"39":1,"40":0,"41":1,"42":0,"43":0,"44":0,"45":0,"46":0,"47":0,"48":0,"49":1,"50":1,"51":1,"52":1,"53":1,"54":1,"55":1,"56":0,"57":1,"58":0,"59":1,"60":0,"61":1,"62":0,"63":1,"64":0,"65":1,"66":1,"67":1,"68":1,"69":1,"70":1,"71":1,"72":1,"73":1,"74":0,"75":0,"76":0,"77":0,"78":1,"79":1,"80":1,"81":1,"82":0,"83":0,"84":0,"85":1,"86":1,"87":0,"88":0,"89":0,"90":0,"91":0,"92":0,"93":0,"94":0,"95":0,"96":1,"97":1,"98":1,"99":1,"100":1,"101":1,"102":1,"103":1,"104":0,"105":0,"106":0,"107":0,"108":0,"109":0,"110":0,"111":1,"112":0,"113":1,"114":1,"115":1,"116":0,"117":1,"118":1,"119":0,"120":0,"121":0,"122":0,"123":0,"124":1,"125":1},"b":{"1":[0,1],"2":[1,0],"3":[1,1],"4":[0,0],"5":[0,0],"6":[0,1],"7":[1,1],"8":[0,0],"9":[0,0],"10":[0,0],"11":[0,0],"12":[0,0],"13":[0,0],"14":[1,1],"15":[0,1],"16":[1,0],"17":[0,0]},"f":{"1":1,"2":1,"3":1,"4":1,"5":2,"6":2,"7":2,"8":0,"9":1,"10":0,"11":1,"12":1,"13":1,"14":0,"15":0,"16":0,"17":0,"18":0,"19":1,"20":1,"21":1,"22":0,"23":0,"24":0,"25":0,"26":1,"27":1,"28":1,"29":0,"30":0,"31":0,"32":0,"33":1,"34":0,"35":0,"36":0,"37":0},"fnMap":{"1":{"name":"(anonymous_1)","line":12,"loc":{"start":{"line":12,"column":17},"end":{"line":12,"column":36}}},"2":{"name":"(anonymous_2)","line":28,"loc":{"start":{"line":28,"column":29},"end":{"line":28,"column":40}}},"3":{"name":"(anonymous_3)","line":31,"loc":{"start":{"line":31,"column":19},"end":{"line":31,"column":45}}},"4":{"name":"(anonymous_4)","line":32,"loc":{"start":{"line":32,"column":21},"end":{"line":32,"column":37}}},"5":{"name":"(anonymous_5)","line":44,"loc":{"start":{"line":44,"column":27},"end":{"line":44,"column":46}}},"6":{"name":"(anonymous_6)","line":53,"loc":{"start":{"line":53,"column":32},"end":{"line":53,"column":43}}},"7":{"name":"(anonymous_7)","line":54,"loc":{"start":{"line":54,"column":23},"end":{"line":54,"column":37}}},"8":{"name":"(anonymous_8)","line":56,"loc":{"start":{"line":56,"column":7},"end":{"line":56,"column":32}}},"9":{"name":"(anonymous_9)","line":70,"loc":{"start":{"line":70,"column":19},"end":{"line":70,"column":55}}},"10":{"name":"(anonymous_10)","line":89,"loc":{"start":{"line":89,"column":26},"end":{"line":89,"column":37}}},"11":{"name":"(anonymous_11)","line":100,"loc":{"start":{"line":100,"column":28},"end":{"line":100,"column":39}}},"12":{"name":"(anonymous_12)","line":103,"loc":{"start":{"line":103,"column":32},"end":{"line":103,"column":43}}},"13":{"name":"(anonymous_13)","line":106,"loc":{"start":{"line":106,"column":12},"end":{"line":106,"column":32}}},"14":{"name":"(anonymous_14)","line":113,"loc":{"start":{"line":113,"column":28},"end":{"line":113,"column":39}}},"15":{"name":"(anonymous_15)","line":119,"loc":{"start":{"line":119,"column":28},"end":{"line":119,"column":41}}},"16":{"name":"(anonymous_16)","line":125,"loc":{"start":{"line":125,"column":30},"end":{"line":125,"column":45}}},"17":{"name":"(anonymous_17)","line":133,"loc":{"start":{"line":133,"column":30},"end":{"line":133,"column":45}}},"18":{"name":"(anonymous_18)","line":141,"loc":{"start":{"line":141,"column":30},"end":{"line":141,"column":45}}},"19":{"name":"(anonymous_19)","line":149,"loc":{"start":{"line":149,"column":28},"end":{"line":149,"column":57}}},"20":{"name":"(anonymous_20)","line":156,"loc":{"start":{"line":156,"column":24},"end":{"line":156,"column":35}}},"21":{"name":"(anonymous_21)","line":164,"loc":{"start":{"line":164,"column":7},"end":{"line":164,"column":21}}},"22":{"name":"(anonymous_22)","line":184,"loc":{"start":{"line":184,"column":7},"end":{"line":184,"column":32}}},"23":{"name":"(anonymous_23)","line":204,"loc":{"start":{"line":204,"column":34},"end":{"line":204,"column":45}}},"24":{"name":"(anonymous_24)","line":206,"loc":{"start":{"line":206,"column":31},"end":{"line":206,"column":42}}},"25":{"name":"(anonymous_25)","line":208,"loc":{"start":{"line":208,"column":24},"end":{"line":208,"column":46}}},"26":{"name":"(anonymous_26)","line":223,"loc":{"start":{"line":223,"column":36},"end":{"line":223,"column":47}}},"27":{"name":"(anonymous_27)","line":226,"loc":{"start":{"line":226,"column":31},"end":{"line":226,"column":42}}},"28":{"name":"(anonymous_28)","line":232,"loc":{"start":{"line":232,"column":12},"end":{"line":232,"column":23}}},"29":{"name":"(anonymous_29)","line":239,"loc":{"start":{"line":239,"column":30},"end":{"line":239,"column":52}}},"30":{"name":"(anonymous_30)","line":247,"loc":{"start":{"line":247,"column":31},"end":{"line":247,"column":42}}},"31":{"name":"(anonymous_31)","line":252,"loc":{"start":{"line":252,"column":12},"end":{"line":252,"column":39}}},"32":{"name":"(anonymous_32)","line":260,"loc":{"start":{"line":260,"column":34},"end":{"line":260,"column":45}}},"33":{"name":"(anonymous_33)","line":264,"loc":{"start":{"line":264,"column":17},"end":{"line":264,"column":44}}},"34":{"name":"(anonymous_34)","line":277,"loc":{"start":{"line":277,"column":45},"end":{"line":277,"column":56}}},"35":{"name":"(anonymous_35)","line":278,"loc":{"start":{"line":278,"column":42},"end":{"line":278,"column":53}}},"36":{"name":"(anonymous_36)","line":279,"loc":{"start":{"line":279,"column":37},"end":{"line":279,"column":60}}},"37":{"name":"(anonymous_37)","line":283,"loc":{"start":{"line":283,"column":17},"end":{"line":283,"column":28}}}},"statementMap":{"1":{"start":{"line":3,"column":0},"end":{"line":3,"column":21}},"2":{"start":{"line":4,"column":0},"end":{"line":4,"column":26}},"3":{"start":{"line":5,"column":0},"end":{"line":5,"column":49}},"4":{"start":{"line":6,"column":0},"end":{"line":6,"column":40}},"5":{"start":{"line":7,"column":0},"end":{"line":7,"column":46}},"6":{"start":{"line":8,"column":0},"end":{"line":8,"column":13}},"7":{"start":{"line":10,"column":0},"end":{"line":10,"column":15}},"8":{"start":{"line":12,"column":0},"end":{"line":20,"column":2}},"9":{"start":{"line":13,"column":2},"end":{"line":13,"column":27}},"10":{"start":{"line":14,"column":2},"end":{"line":14,"column":28}},"11":{"start":{"line":15,"column":2},"end":{"line":15,"column":35}},"12":{"start":{"line":16,"column":2},"end":{"line":16,"column":33}},"13":{"start":{"line":19,"column":2},"end":{"line":19,"column":28}},"14":{"start":{"line":28,"column":0},"end":{"line":42,"column":2}},"15":{"start":{"line":29,"column":2},"end":{"line":29,"column":18}},"16":{"start":{"line":31,"column":2},"end":{"line":41,"column":5}},"17":{"start":{"line":32,"column":4},"end":{"line":40,"column":7}},"18":{"start":{"line":33,"column":6},"end":{"line":36,"column":7}},"19":{"start":{"line":34,"column":8},"end":{"line":34,"column":33}},"20":{"start":{"line":35,"column":8},"end":{"line":35,"column":15}},"21":{"start":{"line":37,"column":6},"end":{"line":37,"column":43}},"22":{"start":{"line":38,"column":6},"end":{"line":38,"column":31}},"23":{"start":{"line":39,"column":6},"end":{"line":39,"column":16}},"24":{"start":{"line":44,"column":0},"end":{"line":63,"column":2}},"25":{"start":{"line":45,"column":2},"end":{"line":49,"column":4}},"26":{"start":{"line":50,"column":2},"end":{"line":50,"column":53}},"27":{"start":{"line":51,"column":2},"end":{"line":51,"column":27}},"28":{"start":{"line":53,"column":2},"end":{"line":62,"column":5}},"29":{"start":{"line":54,"column":4},"end":{"line":60,"column":7}},"30":{"start":{"line":55,"column":6},"end":{"line":55,"column":28}},"31":{"start":{"line":57,"column":6},"end":{"line":57,"column":33}},"32":{"start":{"line":58,"column":6},"end":{"line":58,"column":22}},"33":{"start":{"line":59,"column":6},"end":{"line":59,"column":25}},"34":{"start":{"line":61,"column":4},"end":{"line":61,"column":28}},"35":{"start":{"line":70,"column":0},"end":{"line":82,"column":2}},"36":{"start":{"line":71,"column":2},"end":{"line":81,"column":3}},"37":{"start":{"line":73,"column":4},"end":{"line":73,"column":53}},"38":{"start":{"line":74,"column":4},"end":{"line":74,"column":67}},"39":{"start":{"line":77,"column":4},"end":{"line":77,"column":62}},"40":{"start":{"line":80,"column":4},"end":{"line":80,"column":53}},"41":{"start":{"line":89,"column":0},"end":{"line":98,"column":2}},"42":{"start":{"line":90,"column":2},"end":{"line":90,"column":27}},"43":{"start":{"line":91,"column":2},"end":{"line":96,"column":3}},"44":{"start":{"line":92,"column":4},"end":{"line":92,"column":64}},"45":{"start":{"line":93,"column":4},"end":{"line":93,"column":102}},"46":{"start":{"line":94,"column":4},"end":{"line":94,"column":53}},"47":{"start":{"line":95,"column":4},"end":{"line":95,"column":69}},"48":{"start":{"line":97,"column":2},"end":{"line":97,"column":30}},"49":{"start":{"line":100,"column":0},"end":{"line":111,"column":2}},"50":{"start":{"line":101,"column":2},"end":{"line":101,"column":18}},"51":{"start":{"line":103,"column":2},"end":{"line":110,"column":5}},"52":{"start":{"line":104,"column":4},"end":{"line":109,"column":7}},"53":{"start":{"line":107,"column":6},"end":{"line":107,"column":27}},"54":{"start":{"line":108,"column":6},"end":{"line":108,"column":22}},"55":{"start":{"line":113,"column":0},"end":{"line":117,"column":2}},"56":{"start":{"line":114,"column":2},"end":{"line":116,"column":5}},"57":{"start":{"line":119,"column":0},"end":{"line":123,"column":2}},"58":{"start":{"line":120,"column":2},"end":{"line":122,"column":5}},"59":{"start":{"line":125,"column":0},"end":{"line":131,"column":2}},"60":{"start":{"line":126,"column":2},"end":{"line":130,"column":5}},"61":{"start":{"line":133,"column":0},"end":{"line":139,"column":2}},"62":{"start":{"line":134,"column":2},"end":{"line":138,"column":5}},"63":{"start":{"line":141,"column":0},"end":{"line":147,"column":2}},"64":{"start":{"line":142,"column":2},"end":{"line":146,"column":5}},"65":{"start":{"line":149,"column":0},"end":{"line":202,"column":2}},"66":{"start":{"line":150,"column":2},"end":{"line":150,"column":27}},"67":{"start":{"line":151,"column":2},"end":{"line":151,"column":18}},"68":{"start":{"line":154,"column":2},"end":{"line":154,"column":28}},"69":{"start":{"line":156,"column":2},"end":{"line":200,"column":5}},"70":{"start":{"line":157,"column":4},"end":{"line":199,"column":7}},"71":{"start":{"line":167,"column":6},"end":{"line":167,"column":42}},"72":{"start":{"line":168,"column":6},"end":{"line":168,"column":41}},"73":{"start":{"line":169,"column":6},"end":{"line":176,"column":7}},"74":{"start":{"line":170,"column":8},"end":{"line":175,"column":9}},"75":{"start":{"line":171,"column":10},"end":{"line":171,"column":48}},"76":{"start":{"line":173,"column":10},"end":{"line":173,"column":27}},"77":{"start":{"line":174,"column":10},"end":{"line":174,"column":117}},"78":{"start":{"line":178,"column":6},"end":{"line":178,"column":46}},"79":{"start":{"line":180,"column":6},"end":{"line":180,"column":31}},"80":{"start":{"line":181,"column":6},"end":{"line":181,"column":68}},"81":{"start":{"line":182,"column":6},"end":{"line":182,"column":28}},"82":{"start":{"line":194,"column":6},"end":{"line":198,"column":7}},"83":{"start":{"line":195,"column":8},"end":{"line":195,"column":41}},"84":{"start":{"line":197,"column":8},"end":{"line":197,"column":45}},"85":{"start":{"line":201,"column":2},"end":{"line":201,"column":26}},"86":{"start":{"line":204,"column":0},"end":{"line":221,"column":2}},"87":{"start":{"line":206,"column":2},"end":{"line":220,"column":5}},"88":{"start":{"line":207,"column":4},"end":{"line":207,"column":29}},"89":{"start":{"line":208,"column":4},"end":{"line":218,"column":7}},"90":{"start":{"line":209,"column":6},"end":{"line":217,"column":7}},"91":{"start":{"line":210,"column":8},"end":{"line":210,"column":40}},"92":{"start":{"line":211,"column":13},"end":{"line":217,"column":7}},"93":{"start":{"line":214,"column":8},"end":{"line":214,"column":31}},"94":{"start":{"line":216,"column":8},"end":{"line":216,"column":32}},"95":{"start":{"line":219,"column":4},"end":{"line":219,"column":28}},"96":{"start":{"line":223,"column":0},"end":{"line":237,"column":2}},"97":{"start":{"line":224,"column":2},"end":{"line":224,"column":18}},"98":{"start":{"line":226,"column":2},"end":{"line":236,"column":5}},"99":{"start":{"line":227,"column":4},"end":{"line":227,"column":30}},"100":{"start":{"line":228,"column":4},"end":{"line":235,"column":7}},"101":{"start":{"line":233,"column":6},"end":{"line":233,"column":27}},"102":{"start":{"line":234,"column":6},"end":{"line":234,"column":61}},"103":{"start":{"line":239,"column":0},"end":{"line":258,"column":2}},"104":{"start":{"line":240,"column":2},"end":{"line":240,"column":18}},"105":{"start":{"line":243,"column":2},"end":{"line":245,"column":3}},"106":{"start":{"line":244,"column":4},"end":{"line":244,"column":24}},"107":{"start":{"line":247,"column":2},"end":{"line":257,"column":5}},"108":{"start":{"line":248,"column":4},"end":{"line":255,"column":7}},"109":{"start":{"line":253,"column":6},"end":{"line":253,"column":71}},"110":{"start":{"line":254,"column":6},"end":{"line":254,"column":31}},"111":{"start":{"line":260,"column":0},"end":{"line":262,"column":2}},"112":{"start":{"line":261,"column":2},"end":{"line":261,"column":39}},"113":{"start":{"line":264,"column":0},"end":{"line":293,"column":2}},"114":{"start":{"line":265,"column":2},"end":{"line":265,"column":24}},"115":{"start":{"line":269,"column":2},"end":{"line":271,"column":3}},"116":{"start":{"line":270,"column":4},"end":{"line":270,"column":22}},"117":{"start":{"line":276,"column":2},"end":{"line":288,"column":3}},"118":{"start":{"line":277,"column":4},"end":{"line":287,"column":14}},"119":{"start":{"line":278,"column":6},"end":{"line":286,"column":16}},"120":{"start":{"line":279,"column":8},"end":{"line":285,"column":11}},"121":{"start":{"line":280,"column":10},"end":{"line":282,"column":11}},"122":{"start":{"line":281,"column":12},"end":{"line":281,"column":38}},"123":{"start":{"line":284,"column":10},"end":{"line":284,"column":36}},"124":{"start":{"line":290,"column":2},"end":{"line":290,"column":40}},"125":{"start":{"line":292,"column":2},"end":{"line":292,"column":20}}},"branchMap":{"1":{"line":33,"type":"if","locations":[{"start":{"line":33,"column":6},"end":{"line":33,"column":6}},{"start":{"line":33,"column":6},"end":{"line":33,"column":6}}]},"2":{"line":71,"type":"if","locations":[{"start":{"line":71,"column":2},"end":{"line":71,"column":2}},{"start":{"line":71,"column":2},"end":{"line":71,"column":2}}]},"3":{"line":71,"type":"binary-expr","locations":[{"start":{"line":71,"column":6},"end":{"line":71,"column":18}},{"start":{"line":71,"column":22},"end":{"line":71,"column":33}}]},"4":{"line":91,"type":"if","locations":[{"start":{"line":91,"column":2},"end":{"line":91,"column":2}},{"start":{"line":91,"column":2},"end":{"line":91,"column":2}}]},"5":{"line":91,"type":"binary-expr","locations":[{"start":{"line":91,"column":6},"end":{"line":91,"column":59}},{"start":{"line":91,"column":63},"end":{"line":91,"column":105}}]},"6":{"line":169,"type":"if","locations":[{"start":{"line":169,"column":6},"end":{"line":169,"column":6}},{"start":{"line":169,"column":6},"end":{"line":169,"column":6}}]},"7":{"line":169,"type":"binary-expr","locations":[{"start":{"line":169,"column":10},"end":{"line":169,"column":41}},{"start":{"line":169,"column":45},"end":{"line":169,"column":74}}]},"8":{"line":194,"type":"if","locations":[{"start":{"line":194,"column":6},"end":{"line":194,"column":6}},{"start":{"line":194,"column":6},"end":{"line":194,"column":6}}]},"9":{"line":209,"type":"if","locations":[{"start":{"line":209,"column":6},"end":{"line":209,"column":6}},{"start":{"line":209,"column":6},"end":{"line":209,"column":6}}]},"10":{"line":211,"type":"if","locations":[{"start":{"line":211,"column":13},"end":{"line":211,"column":13}},{"start":{"line":211,"column":13},"end":{"line":211,"column":13}}]},"11":{"line":243,"type":"if","locations":[{"start":{"line":243,"column":2},"end":{"line":243,"column":2}},{"start":{"line":243,"column":2},"end":{"line":243,"column":2}}]},"12":{"line":243,"type":"binary-expr","locations":[{"start":{"line":243,"column":6},"end":{"line":243,"column":23}},{"start":{"line":243,"column":27},"end":{"line":243,"column":39}}]},"13":{"line":253,"type":"binary-expr","locations":[{"start":{"line":253,"column":26},"end":{"line":253,"column":42}},{"start":{"line":253,"column":46},"end":{"line":253,"column":70}}]},"14":{"line":265,"type":"binary-expr","locations":[{"start":{"line":265,"column":11},"end":{"line":265,"column":17}},{"start":{"line":265,"column":21},"end":{"line":265,"column":23}}]},"15":{"line":269,"type":"if","locations":[{"start":{"line":269,"column":2},"end":{"line":269,"column":2}},{"start":{"line":269,"column":2},"end":{"line":269,"column":2}}]},"16":{"line":276,"type":"if","locations":[{"start":{"line":276,"column":2},"end":{"line":276,"column":2}},{"start":{"line":276,"column":2},"end":{"line":276,"column":2}}]},"17":{"line":280,"type":"if","locations":[{"start":{"line":280,"column":10},"end":{"line":280,"column":10}},{"start":{"line":280,"column":10},"end":{"line":280,"column":10}}]}}},"/home/spriadka/FeeedHenry/raincatcher-user/lib/config/config-user.js":{"path":"/home/spriadka/FeeedHenry/raincatcher-user/lib/config/config-user.js","s":{"1":1},"b":{"1":[1,1]},"f":{},"fnMap":{},"statementMap":{"1":{"start":{"line":3,"column":0},"end":{"line":10,"column":2}}},"branchMap":{"1":{"line":7,"type":"binary-expr","locations":[{"start":{"line":7,"column":12},"end":{"line":7,"column":42}},{"start":{"line":7,"column":46},"end":{"line":7,"column":51}}]}}},"/home/spriadka/FeeedHenry/raincatcher-user/lib/security/aes.js":{"path":"/home/spriadka/FeeedHenry/raincatcher-user/lib/security/aes.js","s":{"1":1,"2":1,"3":4,"4":2,"5":2,"6":1,"7":3,"8":2,"9":1,"10":1,"11":1,"12":0,"13":1,"14":1},"b":{"1":[2,2],"2":[4,2],"3":[2,1],"4":[3,2]},"f":{"1":4,"2":3},"fnMap":{"1":{"name":"encrypt","line":9,"loc":{"start":{"line":9,"column":0},"end":{"line":9,"column":28}}},"2":{"name":"decrypt","line":22,"loc":{"start":{"line":22,"column":0},"end":{"line":22,"column":34}}}},"statementMap":{"1":{"start":{"line":1,"column":0},"end":{"line":1,"column":36}},"2":{"start":{"line":9,"column":0},"end":{"line":14,"column":1}},"3":{"start":{"line":10,"column":2},"end":{"line":12,"column":3}},"4":{"start":{"line":11,"column":4},"end":{"line":11,"column":77}},"5":{"start":{"line":13,"column":2},"end":{"line":13,"column":57}},"6":{"start":{"line":22,"column":0},"end":{"line":35,"column":1}},"7":{"start":{"line":24,"column":2},"end":{"line":26,"column":3}},"8":{"start":{"line":25,"column":4},"end":{"line":25,"column":83}},"9":{"start":{"line":28,"column":2},"end":{"line":28,"column":64}},"10":{"start":{"line":29,"column":2},"end":{"line":33,"column":3}},"11":{"start":{"line":30,"column":4},"end":{"line":30,"column":50}},"12":{"start":{"line":32,"column":4},"end":{"line":32,"column":45}},"13":{"start":{"line":34,"column":2},"end":{"line":34,"column":55}},"14":{"start":{"line":37,"column":0},"end":{"line":40,"column":2}}},"branchMap":{"1":{"line":10,"type":"if","locations":[{"start":{"line":10,"column":2},"end":{"line":10,"column":2}},{"start":{"line":10,"column":2},"end":{"line":10,"column":2}}]},"2":{"line":10,"type":"binary-expr","locations":[{"start":{"line":10,"column":6},"end":{"line":10,"column":11}},{"start":{"line":10,"column":15},"end":{"line":10,"column":19}}]},"3":{"line":24,"type":"if","locations":[{"start":{"line":24,"column":2},"end":{"line":24,"column":2}},{"start":{"line":24,"column":2},"end":{"line":24,"column":2}}]},"4":{"line":24,"type":"binary-expr","locations":[{"start":{"line":24,"column":6},"end":{"line":24,"column":17}},{"start":{"line":24,"column":21},"end":{"line":24,"column":25}}]}}},"/home/spriadka/FeeedHenry/raincatcher-user/lib/security/sha256.js":{"path":"/home/spriadka/FeeedHenry/raincatcher-user/lib/security/sha256.js","s":{"1":1,"2":1,"3":3,"4":1,"5":2,"6":2,"7":1},"b":{"1":[1,2]},"f":{"1":3},"fnMap":{"1":{"name":"hash","line":8,"loc":{"start":{"line":8,"column":0},"end":{"line":8,"column":20}}}},"statementMap":{"1":{"start":{"line":1,"column":0},"end":{"line":1,"column":36}},"2":{"start":{"line":8,"column":0},"end":{"line":14,"column":1}},"3":{"start":{"line":9,"column":2},"end":{"line":11,"column":3}},"4":{"start":{"line":10,"column":4},"end":{"line":10,"column":68}},"5":{"start":{"line":12,"column":2},"end":{"line":12,"column":35}},"6":{"start":{"line":13,"column":2},"end":{"line":13,"column":44}},"7":{"start":{"line":16,"column":0},"end":{"line":18,"column":2}}},"branchMap":{"1":{"line":9,"type":"if","locations":[{"start":{"line":9,"column":2},"end":{"line":9,"column":2}},{"start":{"line":9,"column":2},"end":{"line":9,"column":2}}]}}},"/home/spriadka/FeeedHenry/raincatcher-user/lib/mbaas/hash.js":{"path":"/home/spriadka/FeeedHenry/raincatcher-user/lib/mbaas/hash.js","s":{"1":1,"2":1,"3":1,"4":1,"5":1,"6":1,"7":1,"8":1,"9":13,"10":1,"11":25,"12":25,"13":0,"14":1,"15":13,"16":13,"17":13,"18":0,"19":13,"20":13,"21":1,"22":13,"23":13,"24":1,"25":12,"26":12,"27":12,"28":12,"29":12,"30":12,"31":0,"32":0,"33":0,"34":0,"35":0,"36":12,"37":1},"b":{"1":[25,0],"2":[0,13],"3":[1,12],"4":[13,13],"5":[0,12]},"f":{"1":13,"2":25,"3":13,"4":13,"5":13,"6":12},"fnMap":{"1":{"name":"genSalt","line":10,"loc":{"start":{"line":10,"column":0},"end":{"line":10,"column":19}}},"2":{"name":"pbkdf2","line":22,"loc":{"start":{"line":22,"column":0},"end":{"line":22,"column":59}}},"3":{"name":"(anonymous_3)","line":47,"loc":{"start":{"line":47,"column":22},"end":{"line":47,"column":40}}},"4":{"name":"(anonymous_4)","line":49,"loc":{"start":{"line":49,"column":58},"end":{"line":49,"column":80}}},"5":{"name":"(anonymous_5)","line":76,"loc":{"start":{"line":76,"column":17},"end":{"line":76,"column":43}}},"6":{"name":"(anonymous_6)","line":86,"loc":{"start":{"line":86,"column":53},"end":{"line":86,"column":75}}}},"statementMap":{"1":{"start":{"line":1,"column":0},"end":{"line":1,"column":31}},"2":{"start":{"line":2,"column":0},"end":{"line":2,"column":31}},"3":{"start":{"line":4,"column":0},"end":{"line":4,"column":21}},"4":{"start":{"line":5,"column":0},"end":{"line":5,"column":28}},"5":{"start":{"line":6,"column":0},"end":{"line":6,"column":22}},"6":{"start":{"line":7,"column":0},"end":{"line":7,"column":20}},"7":{"start":{"line":8,"column":0},"end":{"line":8,"column":20}},"8":{"start":{"line":10,"column":0},"end":{"line":12,"column":1}},"9":{"start":{"line":11,"column":2},"end":{"line":11,"column":57}},"10":{"start":{"line":22,"column":0},"end":{"line":28,"column":1}},"11":{"start":{"line":23,"column":2},"end":{"line":27,"column":3}},"12":{"start":{"line":24,"column":4},"end":{"line":24,"column":61}},"13":{"start":{"line":26,"column":4},"end":{"line":26,"column":53}},"14":{"start":{"line":47,"column":0},"end":{"line":57,"column":2}},"15":{"start":{"line":48,"column":2},"end":{"line":48,"column":23}},"16":{"start":{"line":49,"column":2},"end":{"line":56,"column":5}},"17":{"start":{"line":50,"column":4},"end":{"line":52,"column":5}},"18":{"start":{"line":51,"column":6},"end":{"line":51,"column":21}},"19":{"start":{"line":54,"column":4},"end":{"line":54,"column":92}},"20":{"start":{"line":55,"column":4},"end":{"line":55,"column":24}},"21":{"start":{"line":76,"column":0},"end":{"line":100,"column":2}},"22":{"start":{"line":77,"column":2},"end":{"line":77,"column":38}},"23":{"start":{"line":78,"column":2},"end":{"line":80,"column":3}},"24":{"start":{"line":79,"column":4},"end":{"line":79,"column":96}},"25":{"start":{"line":81,"column":2},"end":{"line":81,"column":24}},"26":{"start":{"line":82,"column":2},"end":{"line":82,"column":36}},"27":{"start":{"line":83,"column":2},"end":{"line":83,"column":22}},"28":{"start":{"line":84,"column":2},"end":{"line":84,"column":22}},"29":{"start":{"line":86,"column":2},"end":{"line":99,"column":5}},"30":{"start":{"line":88,"column":4},"end":{"line":97,"column":5}},"31":{"start":{"line":89,"column":6},"end":{"line":89,"column":18}},"32":{"start":{"line":90,"column":6},"end":{"line":95,"column":7}},"33":{"start":{"line":91,"column":8},"end":{"line":91,"column":43}},"34":{"start":{"line":94,"column":8},"end":{"line":94,"column":23}},"35":{"start":{"line":96,"column":6},"end":{"line":96,"column":62}},"36":{"start":{"line":98,"column":4},"end":{"line":98,"column":45}},"37":{"start":{"line":102,"column":0},"end":{"line":102,"column":30}}},"branchMap":{"1":{"line":23,"type":"if","locations":[{"start":{"line":23,"column":2},"end":{"line":23,"column":2}},{"start":{"line":23,"column":2},"end":{"line":23,"column":2}}]},"2":{"line":50,"type":"if","locations":[{"start":{"line":50,"column":4},"end":{"line":50,"column":4}},{"start":{"line":50,"column":4},"end":{"line":50,"column":4}}]},"3":{"line":78,"type":"if","locations":[{"start":{"line":78,"column":2},"end":{"line":78,"column":2}},{"start":{"line":78,"column":2},"end":{"line":78,"column":2}}]},"4":{"line":78,"type":"binary-expr","locations":[{"start":{"line":78,"column":6},"end":{"line":78,"column":12}},{"start":{"line":78,"column":16},"end":{"line":78,"column":34}}]},"5":{"line":88,"type":"if","locations":[{"start":{"line":88,"column":4},"end":{"line":88,"column":4}},{"start":{"line":88,"column":4},"end":{"line":88,"column":4}}]}}},"/home/spriadka/FeeedHenry/raincatcher-user/lib/mbaas/mbaas-session-middleware.js":{"path":"/home/spriadka/FeeedHenry/raincatcher-user/lib/mbaas/mbaas-session-middleware.js","s":{"1":2,"2":2,"3":2,"4":2,"5":1,"6":5,"7":0,"8":5,"9":5,"10":0,"11":5,"12":5,"13":5,"14":5,"15":5,"16":0,"17":5,"18":5,"19":1,"20":0,"21":0,"22":0,"23":0,"24":0,"25":0,"26":0,"27":0,"28":0,"29":1,"30":0,"31":0,"32":0,"33":0,"34":1,"35":5,"36":2},"b":{"1":[0,5],"2":[5,3],"3":[0,5],"4":[0,5],"5":[0,0],"6":[0,0],"7":[0,0],"8":[0,0],"9":[0,0],"10":[5,5]},"f":{"1":5,"2":5,"3":0,"4":0,"5":0,"6":5},"fnMap":{"1":{"name":"init","line":15,"loc":{"start":{"line":15,"column":0},"end":{"line":15,"column":33}}},"2":{"name":"(anonymous_2)","line":30,"loc":{"start":{"line":30,"column":54},"end":{"line":30,"column":68}}},"3":{"name":"verifySession","line":43,"loc":{"start":{"line":43,"column":0},"end":{"line":43,"column":39}}},"4":{"name":"(anonymous_4)","line":50,"loc":{"start":{"line":50,"column":36},"end":{"line":50,"column":57}}},"5":{"name":"revokeSession","line":59,"loc":{"start":{"line":59,"column":0},"end":{"line":59,"column":39}}},"6":{"name":"addConfigDefaults","line":68,"loc":{"start":{"line":68,"column":0},"end":{"line":68,"column":35}}}},"statementMap":{"1":{"start":{"line":1,"column":0},"end":{"line":1,"column":41}},"2":{"start":{"line":2,"column":0},"end":{"line":2,"column":26}},"3":{"start":{"line":3,"column":0},"end":{"line":3,"column":44}},"4":{"start":{"line":6,"column":0},"end":{"line":6,"column":13}},"5":{"start":{"line":15,"column":0},"end":{"line":37,"column":1}},"6":{"start":{"line":16,"column":2},"end":{"line":18,"column":3}},"7":{"start":{"line":17,"column":4},"end":{"line":17,"column":71}},"8":{"start":{"line":20,"column":2},"end":{"line":20,"column":55}},"9":{"start":{"line":22,"column":2},"end":{"line":24,"column":3}},"10":{"start":{"line":23,"column":4},"end":{"line":23,"column":77}},"11":{"start":{"line":26,"column":2},"end":{"line":26,"column":51}},"12":{"start":{"line":27,"column":2},"end":{"line":27,"column":62}},"13":{"start":{"line":29,"column":2},"end":{"line":29,"column":65}},"14":{"start":{"line":30,"column":2},"end":{"line":36,"column":5}},"15":{"start":{"line":31,"column":4},"end":{"line":33,"column":5}},"16":{"start":{"line":32,"column":6},"end":{"line":32,"column":21}},"17":{"start":{"line":34,"column":4},"end":{"line":34,"column":34}},"18":{"start":{"line":35,"column":4},"end":{"line":35,"column":28}},"19":{"start":{"line":43,"column":0},"end":{"line":57,"column":1}},"20":{"start":{"line":44,"column":2},"end":{"line":44,"column":57}},"21":{"start":{"line":45,"column":2},"end":{"line":48,"column":3}},"22":{"start":{"line":46,"column":4},"end":{"line":46,"column":29}},"23":{"start":{"line":47,"column":4},"end":{"line":47,"column":18}},"24":{"start":{"line":50,"column":2},"end":{"line":56,"column":5}},"25":{"start":{"line":51,"column":4},"end":{"line":53,"column":5}},"26":{"start":{"line":52,"column":6},"end":{"line":52,"column":23}},"27":{"start":{"line":54,"column":4},"end":{"line":54,"column":29}},"28":{"start":{"line":55,"column":4},"end":{"line":55,"column":18}},"29":{"start":{"line":59,"column":0},"end":{"line":66,"column":1}},"30":{"start":{"line":60,"column":2},"end":{"line":60,"column":57}},"31":{"start":{"line":61,"column":2},"end":{"line":63,"column":3}},"32":{"start":{"line":62,"column":4},"end":{"line":62,"column":52}},"33":{"start":{"line":65,"column":2},"end":{"line":65,"column":42}},"34":{"start":{"line":68,"column":0},"end":{"line":83,"column":1}},"35":{"start":{"line":69,"column":2},"end":{"line":82,"column":5}},"36":{"start":{"line":85,"column":0},"end":{"line":89,"column":2}}},"branchMap":{"1":{"line":16,"type":"if","locations":[{"start":{"line":16,"column":2},"end":{"line":16,"column":2}},{"start":{"line":16,"column":2},"end":{"line":16,"column":2}}]},"2":{"line":20,"type":"binary-expr","locations":[{"start":{"line":20,"column":24},"end":{"line":20,"column":43}},{"start":{"line":20,"column":47},"end":{"line":20,"column":54}}]},"3":{"line":22,"type":"if","locations":[{"start":{"line":22,"column":2},"end":{"line":22,"column":2}},{"start":{"line":22,"column":2},"end":{"line":22,"column":2}}]},"4":{"line":31,"type":"if","locations":[{"start":{"line":31,"column":4},"end":{"line":31,"column":4}},{"start":{"line":31,"column":4},"end":{"line":31,"column":4}}]},"5":{"line":44,"type":"binary-expr","locations":[{"start":{"line":44,"column":18},"end":{"line":44,"column":39}},{"start":{"line":44,"column":43},"end":{"line":44,"column":56}}]},"6":{"line":45,"type":"if","locations":[{"start":{"line":45,"column":2},"end":{"line":45,"column":2}},{"start":{"line":45,"column":2},"end":{"line":45,"column":2}}]},"7":{"line":51,"type":"if","locations":[{"start":{"line":51,"column":4},"end":{"line":51,"column":4}},{"start":{"line":51,"column":4},"end":{"line":51,"column":4}}]},"8":{"line":60,"type":"binary-expr","locations":[{"start":{"line":60,"column":18},"end":{"line":60,"column":39}},{"start":{"line":60,"column":43},"end":{"line":60,"column":56}}]},"9":{"line":61,"type":"if","locations":[{"start":{"line":61,"column":2},"end":{"line":61,"column":2}},{"start":{"line":61,"column":2},"end":{"line":61,"column":2}}]},"10":{"line":71,"type":"binary-expr","locations":[{"start":{"line":71,"column":14},"end":{"line":71,"column":42}},{"start":{"line":71,"column":46},"end":{"line":71,"column":59}}]}}},"/home/spriadka/FeeedHenry/raincatcher-user/lib/mbaas/session/index.js":{"path":"/home/spriadka/FeeedHenry/raincatcher-user/lib/mbaas/session/index.js","s":{"1":2},"b":{},"f":{},"fnMap":{},"statementMap":{"1":{"start":{"line":1,"column":0},"end":{"line":4,"column":2}}},"branchMap":{}},"/home/spriadka/FeeedHenry/raincatcher-user/lib/mbaas/session/mongoProvider.js":{"path":"/home/spriadka/FeeedHenry/raincatcher-user/lib/mbaas/session/mongoProvider.js","s":{"1":2,"2":2,"3":0,"4":0,"5":0,"6":0,"7":0,"8":0,"9":0,"10":0,"11":0,"12":0,"13":0,"14":0},"b":{"1":[0,0],"2":[0,0,0]},"f":{"1":0,"2":0,"3":0,"4":0,"5":0},"fnMap":{"1":{"name":"(anonymous_1)","line":3,"loc":{"start":{"line":3,"column":8},"end":{"line":3,"column":45}}},"2":{"name":"(anonymous_2)","line":6,"loc":{"start":{"line":6,"column":50},"end":{"line":6,"column":71}}},"3":{"name":"(anonymous_3)","line":15,"loc":{"start":{"line":15,"column":17},"end":{"line":15,"column":37}}},"4":{"name":"(anonymous_4)","line":19,"loc":{"start":{"line":19,"column":7},"end":{"line":19,"column":35}}},"5":{"name":"(anonymous_5)","line":25,"loc":{"start":{"line":25,"column":17},"end":{"line":25,"column":37}}}},"statementMap":{"1":{"start":{"line":1,"column":0},"end":{"line":1,"column":49}},"2":{"start":{"line":2,"column":0},"end":{"line":33,"column":2}},"3":{"start":{"line":4,"column":4},"end":{"line":4,"column":20}},"4":{"start":{"line":5,"column":4},"end":{"line":5,"column":55}},"5":{"start":{"line":6,"column":4},"end":{"line":13,"column":7}},"6":{"start":{"line":7,"column":6},"end":{"line":9,"column":7}},"7":{"start":{"line":8,"column":8},"end":{"line":8,"column":23}},"8":{"start":{"line":10,"column":6},"end":{"line":10,"column":47}},"9":{"start":{"line":11,"column":6},"end":{"line":11,"column":22}},"10":{"start":{"line":12,"column":6},"end":{"line":12,"column":22}},"11":{"start":{"line":17,"column":4},"end":{"line":23,"column":7}},"12":{"start":{"line":21,"column":6},"end":{"line":21,"column":87}},"13":{"start":{"line":22,"column":6},"end":{"line":22,"column":28}},"14":{"start":{"line":26,"column":4},"end":{"line":28,"column":11}}},"branchMap":{"1":{"line":7,"type":"if","locations":[{"start":{"line":7,"column":6},"end":{"line":7,"column":6}},{"start":{"line":7,"column":6},"end":{"line":7,"column":6}}]},"2":{"line":21,"type":"binary-expr","locations":[{"start":{"line":21,"column":18},"end":{"line":21,"column":22}},{"start":{"line":21,"column":26},"end":{"line":21,"column":38}},{"start":{"line":21,"column":43},"end":{"line":21,"column":86}}]}}},"/home/spriadka/FeeedHenry/raincatcher-user/lib/mbaas/session/redisProvider.js":{"path":"/home/spriadka/FeeedHenry/raincatcher-user/lib/mbaas/session/redisProvider.js","s":{"1":2,"2":2,"3":2,"4":3,"5":3,"6":3,"7":3,"8":3,"9":3,"10":3,"11":0,"12":0,"13":0,"14":0,"15":0},"b":{},"f":{"1":3,"2":3,"3":0,"4":0,"5":0,"6":0,"7":0},"fnMap":{"1":{"name":"(anonymous_1)","line":4,"loc":{"start":{"line":4,"column":8},"end":{"line":4,"column":45}}},"2":{"name":"(anonymous_2)","line":11,"loc":{"start":{"line":11,"column":30},"end":{"line":11,"column":41}}},"3":{"name":"(anonymous_3)","line":14,"loc":{"start":{"line":14,"column":30},"end":{"line":14,"column":42}}},"4":{"name":"(anonymous_4)","line":18,"loc":{"start":{"line":18,"column":17},"end":{"line":18,"column":37}}},"5":{"name":"(anonymous_5)","line":19,"loc":{"start":{"line":19,"column":40},"end":{"line":19,"column":61}}},"6":{"name":"(anonymous_6)","line":23,"loc":{"start":{"line":23,"column":17},"end":{"line":23,"column":37}}},"7":{"name":"(anonymous_7)","line":24,"loc":{"start":{"line":24,"column":37},"end":{"line":24,"column":58}}}},"statementMap":{"1":{"start":{"line":1,"column":0},"end":{"line":1,"column":29}},"2":{"start":{"line":2,"column":0},"end":{"line":2,"column":26}},"3":{"start":{"line":3,"column":0},"end":{"line":33,"column":2}},"4":{"start":{"line":5,"column":4},"end":{"line":5,"column":57}},"5":{"start":{"line":6,"column":4},"end":{"line":6,"column":59}},"6":{"start":{"line":7,"column":4},"end":{"line":9,"column":7}},"7":{"start":{"line":10,"column":4},"end":{"line":10,"column":45}},"8":{"start":{"line":11,"column":4},"end":{"line":13,"column":7}},"9":{"start":{"line":12,"column":6},"end":{"line":12,"column":11}},"10":{"start":{"line":14,"column":4},"end":{"line":16,"column":7}},"11":{"start":{"line":15,"column":6},"end":{"line":15,"column":12}},"12":{"start":{"line":19,"column":4},"end":{"line":21,"column":7}},"13":{"start":{"line":20,"column":6},"end":{"line":20,"column":23}},"14":{"start":{"line":24,"column":4},"end":{"line":26,"column":7}},"15":{"start":{"line":25,"column":6},"end":{"line":25,"column":23}}},"branchMap":{}},"/home/spriadka/FeeedHenry/raincatcher-user/lib/mbaas/index.js":{"path":"/home/spriadka/FeeedHenry/raincatcher-user/lib/mbaas/index.js","s":{"1":1,"2":1,"3":1,"4":1,"5":1,"6":1,"7":1,"8":3,"9":3,"10":3,"11":3,"12":3,"13":0,"14":0,"15":3,"16":1,"17":1,"18":1,"19":0,"20":1,"21":2,"22":2,"23":3,"24":0,"25":3,"26":0,"27":3,"28":0,"29":0,"30":0,"31":0,"32":0,"33":3,"34":0,"35":0,"36":0,"37":0,"38":0,"39":3,"40":0,"41":0,"42":0,"43":0,"44":0,"45":3,"46":0,"47":0,"48":0,"49":0,"50":0,"51":0,"52":0,"53":0,"54":3,"55":0,"56":0,"57":0,"58":0,"59":0,"60":3,"61":1,"62":8,"63":2,"64":6,"65":1,"66":3,"67":3,"68":0,"69":3,"70":3,"71":3,"72":3,"73":1},"b":{"1":[3,3,0],"2":[0,3],"3":[0,1],"4":[0,2],"5":[0,0],"6":[2,6],"7":[0,3]},"f":{"1":3,"2":3,"3":1,"4":1,"5":2,"6":0,"7":0,"8":0,"9":0,"10":0,"11":0,"12":0,"13":0,"14":0,"15":0,"16":0,"17":0,"18":0,"19":8,"20":3,"21":3},"fnMap":{"1":{"name":"initRouter","line":10,"loc":{"start":{"line":10,"column":0},"end":{"line":10,"column":82}}},"2":{"name":"(anonymous_2)","line":13,"loc":{"start":{"line":13,"column":22},"end":{"line":13,"column":41}}},"3":{"name":"(anonymous_3)","line":25,"loc":{"start":{"line":25,"column":12},"end":{"line":25,"column":34}}},"4":{"name":"(anonymous_4)","line":33,"loc":{"start":{"line":33,"column":50},"end":{"line":33,"column":64}}},"5":{"name":"(anonymous_5)","line":47,"loc":{"start":{"line":47,"column":13},"end":{"line":47,"column":27}}},"6":{"name":"(anonymous_6)","line":55,"loc":{"start":{"line":55,"column":64},"end":{"line":55,"column":83}}},"7":{"name":"(anonymous_7)","line":61,"loc":{"start":{"line":61,"column":64},"end":{"line":61,"column":83}}},"8":{"name":"(anonymous_8)","line":65,"loc":{"start":{"line":65,"column":24},"end":{"line":65,"column":43}}},"9":{"name":"(anonymous_9)","line":66,"loc":{"start":{"line":66,"column":40},"end":{"line":66,"column":55}}},"10":{"name":"(anonymous_10)","line":68,"loc":{"start":{"line":68,"column":22},"end":{"line":68,"column":44}}},"11":{"name":"(anonymous_11)","line":75,"loc":{"start":{"line":75,"column":27},"end":{"line":75,"column":46}}},"12":{"name":"(anonymous_12)","line":78,"loc":{"start":{"line":78,"column":50},"end":{"line":78,"column":65}}},"13":{"name":"(anonymous_13)","line":84,"loc":{"start":{"line":84,"column":27},"end":{"line":84,"column":46}}},"14":{"name":"(anonymous_14)","line":87,"loc":{"start":{"line":87,"column":52},"end":{"line":87,"column":72}}},"15":{"name":"(anonymous_15)","line":92,"loc":{"start":{"line":92,"column":25},"end":{"line":92,"column":44}}},"16":{"name":"(anonymous_16)","line":99,"loc":{"start":{"line":99,"column":53},"end":{"line":99,"column":75}}},"17":{"name":"(anonymous_17)","line":104,"loc":{"start":{"line":104,"column":30},"end":{"line":104,"column":49}}},"18":{"name":"(anonymous_18)","line":107,"loc":{"start":{"line":107,"column":52},"end":{"line":107,"column":70}}},"19":{"name":"trimProfileData","line":122,"loc":{"start":{"line":122,"column":0},"end":{"line":122,"column":53}}},"20":{"name":"init","line":138,"loc":{"start":{"line":138,"column":0},"end":{"line":138,"column":76}}},"21":{"name":"(anonymous_21)","line":140,"loc":{"start":{"line":140,"column":41},"end":{"line":140,"column":63}}}},"statementMap":{"1":{"start":{"line":3,"column":0},"end":{"line":3,"column":33}},"2":{"start":{"line":4,"column":0},"end":{"line":4,"column":46}},"3":{"start":{"line":5,"column":0},"end":{"line":5,"column":39}},"4":{"start":{"line":6,"column":0},"end":{"line":6,"column":62}},"5":{"start":{"line":7,"column":0},"end":{"line":7,"column":33}},"6":{"start":{"line":8,"column":0},"end":{"line":8,"column":26}},"7":{"start":{"line":10,"column":0},"end":{"line":113,"column":1}},"8":{"start":{"line":11,"column":2},"end":{"line":11,"column":32}},"9":{"start":{"line":13,"column":2},"end":{"line":53,"column":5}},"10":{"start":{"line":14,"column":4},"end":{"line":14,"column":26}},"11":{"start":{"line":15,"column":4},"end":{"line":15,"column":60}},"12":{"start":{"line":18,"column":4},"end":{"line":21,"column":5}},"13":{"start":{"line":19,"column":6},"end":{"line":19,"column":22}},"14":{"start":{"line":20,"column":6},"end":{"line":20,"column":56}},"15":{"start":{"line":24,"column":4},"end":{"line":52,"column":9}},"16":{"start":{"line":27,"column":8},"end":{"line":27,"column":82}},"17":{"start":{"line":33,"column":8},"end":{"line":45,"column":11}},"18":{"start":{"line":35,"column":10},"end":{"line":37,"column":11}},"19":{"start":{"line":36,"column":12},"end":{"line":36,"column":114}},"20":{"start":{"line":39,"column":10},"end":{"line":44,"column":13}},"21":{"start":{"line":50,"column":8},"end":{"line":50,"column":24}},"22":{"start":{"line":51,"column":8},"end":{"line":51,"column":68}},"23":{"start":{"line":55,"column":2},"end":{"line":59,"column":5}},"24":{"start":{"line":56,"column":4},"end":{"line":58,"column":7}},"25":{"start":{"line":61,"column":2},"end":{"line":63,"column":5}},"26":{"start":{"line":62,"column":4},"end":{"line":62,"column":17}},"27":{"start":{"line":65,"column":2},"end":{"line":74,"column":5}},"28":{"start":{"line":66,"column":4},"end":{"line":72,"column":7}},"29":{"start":{"line":68,"column":6},"end":{"line":70,"column":9}},"30":{"start":{"line":69,"column":8},"end":{"line":69,"column":70}},"31":{"start":{"line":71,"column":6},"end":{"line":71,"column":21}},"32":{"start":{"line":73,"column":4},"end":{"line":73,"column":38}},"33":{"start":{"line":75,"column":2},"end":{"line":83,"column":5}},"34":{"start":{"line":76,"column":4},"end":{"line":76,"column":31}},"35":{"start":{"line":78,"column":4},"end":{"line":81,"column":7}},"36":{"start":{"line":79,"column":6},"end":{"line":79,"column":61}},"37":{"start":{"line":80,"column":6},"end":{"line":80,"column":21}},"38":{"start":{"line":82,"column":4},"end":{"line":82,"column":46}},"39":{"start":{"line":84,"column":2},"end":{"line":91,"column":5}},"40":{"start":{"line":85,"column":4},"end":{"line":85,"column":31}},"41":{"start":{"line":86,"column":4},"end":{"line":86,"column":29}},"42":{"start":{"line":87,"column":4},"end":{"line":89,"column":7}},"43":{"start":{"line":88,"column":6},"end":{"line":88,"column":26}},"44":{"start":{"line":90,"column":4},"end":{"line":90,"column":46}},"45":{"start":{"line":92,"column":2},"end":{"line":103,"column":5}},"46":{"start":{"line":93,"column":4},"end":{"line":93,"column":34}},"47":{"start":{"line":94,"column":4},"end":{"line":94,"column":29}},"48":{"start":{"line":95,"column":4},"end":{"line":95,"column":24}},"49":{"start":{"line":96,"column":4},"end":{"line":98,"column":5}},"50":{"start":{"line":97,"column":6},"end":{"line":97,"column":35}},"51":{"start":{"line":99,"column":4},"end":{"line":101,"column":7}},"52":{"start":{"line":100,"column":6},"end":{"line":100,"column":28}},"53":{"start":{"line":102,"column":4},"end":{"line":102,"column":46}},"54":{"start":{"line":104,"column":2},"end":{"line":111,"column":5}},"55":{"start":{"line":105,"column":4},"end":{"line":105,"column":31}},"56":{"start":{"line":106,"column":4},"end":{"line":106,"column":29}},"57":{"start":{"line":107,"column":4},"end":{"line":109,"column":7}},"58":{"start":{"line":108,"column":6},"end":{"line":108,"column":24}},"59":{"start":{"line":110,"column":4},"end":{"line":110,"column":46}},"60":{"start":{"line":112,"column":2},"end":{"line":112,"column":16}},"61":{"start":{"line":122,"column":0},"end":{"line":128,"column":1}},"62":{"start":{"line":123,"column":2},"end":{"line":126,"column":3}},"63":{"start":{"line":125,"column":4},"end":{"line":125,"column":71}},"64":{"start":{"line":127,"column":2},"end":{"line":127,"column":44}},"65":{"start":{"line":138,"column":0},"end":{"line":160,"column":1}},"66":{"start":{"line":140,"column":2},"end":{"line":159,"column":5}},"67":{"start":{"line":141,"column":4},"end":{"line":143,"column":5}},"68":{"start":{"line":142,"column":6},"end":{"line":142,"column":21}},"69":{"start":{"line":146,"column":4},"end":{"line":152,"column":7}},"70":{"start":{"line":156,"column":4},"end":{"line":156,"column":91}},"71":{"start":{"line":157,"column":4},"end":{"line":157,"column":36}},"72":{"start":{"line":158,"column":4},"end":{"line":158,"column":16}},"73":{"start":{"line":162,"column":0},"end":{"line":165,"column":2}}},"branchMap":{"1":{"line":15,"type":"binary-expr","locations":[{"start":{"line":15,"column":17},"end":{"line":15,"column":23}},{"start":{"line":15,"column":27},"end":{"line":15,"column":40}},{"start":{"line":15,"column":44},"end":{"line":15,"column":59}}]},"2":{"line":18,"type":"if","locations":[{"start":{"line":18,"column":4},"end":{"line":18,"column":4}},{"start":{"line":18,"column":4},"end":{"line":18,"column":4}}]},"3":{"line":35,"type":"if","locations":[{"start":{"line":35,"column":10},"end":{"line":35,"column":10}},{"start":{"line":35,"column":10},"end":{"line":35,"column":10}}]},"4":{"line":51,"type":"cond-expr","locations":[{"start":{"line":51,"column":31},"end":{"line":51,"column":42}},{"start":{"line":51,"column":45},"end":{"line":51,"column":66}}]},"5":{"line":96,"type":"if","locations":[{"start":{"line":96,"column":4},"end":{"line":96,"column":4}},{"start":{"line":96,"column":4},"end":{"line":96,"column":4}}]},"6":{"line":123,"type":"if","locations":[{"start":{"line":123,"column":2},"end":{"line":123,"column":2}},{"start":{"line":123,"column":2},"end":{"line":123,"column":2}}]},"7":{"line":141,"type":"if","locations":[{"start":{"line":141,"column":4},"end":{"line":141,"column":4}},{"start":{"line":141,"column":4},"end":{"line":141,"column":4}}]}}},"/home/spriadka/FeeedHenry/raincatcher-user/lib/mbaas/mbaas-auth.js":{"path":"/home/spriadka/FeeedHenry/raincatcher-user/lib/mbaas/mbaas-auth.js","s":{"1":1,"2":1,"3":1,"4":1,"5":1,"6":0,"7":0,"8":0,"9":3},"b":{"1":[1,0]},"f":{"1":3,"2":1},"fnMap":{"1":{"name":"(anonymous_1)","line":12,"loc":{"start":{"line":12,"column":15},"end":{"line":12,"column":60}}},"2":{"name":"checkAuthentication","line":21,"loc":{"start":{"line":21,"column":2},"end":{"line":21,"column":46}}}},"statementMap":{"1":{"start":{"line":1,"column":0},"end":{"line":1,"column":23}},"2":{"start":{"line":12,"column":0},"end":{"line":33,"column":2}},"3":{"start":{"line":21,"column":2},"end":{"line":28,"column":3}},"4":{"start":{"line":22,"column":4},"end":{"line":24,"column":5}},"5":{"start":{"line":23,"column":6},"end":{"line":23,"column":72}},"6":{"start":{"line":25,"column":4},"end":{"line":25,"column":38}},"7":{"start":{"line":26,"column":4},"end":{"line":26,"column":63}},"8":{"start":{"line":27,"column":4},"end":{"line":27,"column":37}},"9":{"start":{"line":31,"column":2},"end":{"line":32,"column":31}}},"branchMap":{"1":{"line":22,"type":"if","locations":[{"start":{"line":22,"column":4},"end":{"line":22,"column":4}},{"start":{"line":22,"column":4},"end":{"line":22,"column":4}}]}}},"/home/spriadka/FeeedHenry/raincatcher-user/lib/mbaas/store.js":{"path":"/home/spriadka/FeeedHenry/raincatcher-user/lib/mbaas/store.js","s":{"1":1,"2":1,"3":1,"4":1,"5":1,"6":1,"7":1,"8":18,"9":18,"10":15,"11":17,"12":1,"13":10,"14":10,"15":10,"16":1,"17":1,"18":1,"19":1,"20":1,"21":1,"22":8,"23":8,"24":1,"25":4,"26":4,"27":1,"28":3,"29":1,"30":16,"31":1,"32":5,"33":1,"34":4,"35":4,"36":1,"37":4,"38":4,"39":4,"40":2,"41":0,"42":2,"43":2,"44":2,"45":1,"46":11,"47":9,"48":3,"49":6,"50":1,"51":7,"52":7,"53":3,"54":1,"55":3,"56":3,"57":3,"58":1,"59":1,"60":0,"61":2,"62":2,"63":0,"64":1,"65":1,"66":0,"67":1,"68":1,"69":1,"70":1},"b":{"1":[15,2],"2":[1,3],"3":[2,2],"4":[0,2],"5":[3,6]},"f":{"1":18,"2":10,"3":10,"4":1,"5":8,"6":4,"7":4,"8":16,"9":5,"10":4,"11":4,"12":4,"13":2,"14":2,"15":11,"16":9,"17":7,"18":7,"19":3,"20":3,"21":1,"22":1,"23":0,"24":2,"25":2,"26":0,"27":1,"28":1,"29":0,"30":1},"fnMap":{"1":{"name":"stripPassword","line":9,"loc":{"start":{"line":9,"column":0},"end":{"line":9,"column":29}}},"2":{"name":"hashUserPassword","line":18,"loc":{"start":{"line":18,"column":0},"end":{"line":18,"column":37}}},"3":{"name":"(anonymous_3)","line":19,"loc":{"start":{"line":19,"column":46},"end":{"line":19,"column":63}}},"4":{"name":"decorateStore","line":25,"loc":{"start":{"line":25,"column":0},"end":{"line":25,"column":30}}},"5":{"name":"(anonymous_5)","line":31,"loc":{"start":{"line":31,"column":27},"end":{"line":31,"column":42}}},"6":{"name":"(anonymous_6)","line":38,"loc":{"start":{"line":38,"column":25},"end":{"line":38,"column":38}}},"7":{"name":"(anonymous_7)","line":39,"loc":{"start":{"line":39,"column":40},"end":{"line":39,"column":55}}},"8":{"name":"(anonymous_8)","line":47,"loc":{"start":{"line":47,"column":35},"end":{"line":47,"column":54}}},"9":{"name":"(anonymous_9)","line":57,"loc":{"start":{"line":57,"column":31},"end":{"line":57,"column":50}}},"10":{"name":"(anonymous_10)","line":69,"loc":{"start":{"line":69,"column":27},"end":{"line":69,"column":42}}},"11":{"name":"(anonymous_11)","line":85,"loc":{"start":{"line":85,"column":35},"end":{"line":85,"column":70}}},"12":{"name":"(anonymous_12)","line":87,"loc":{"start":{"line":87,"column":46},"end":{"line":87,"column":62}}},"13":{"name":"(anonymous_13)","line":91,"loc":{"start":{"line":91,"column":10},"end":{"line":91,"column":26}}},"14":{"name":"(anonymous_14)","line":101,"loc":{"start":{"line":101,"column":11},"end":{"line":101,"column":22}}},"15":{"name":"doVerify","line":106,"loc":{"start":{"line":106,"column":2},"end":{"line":106,"column":36}}},"16":{"name":"(anonymous_16)","line":108,"loc":{"start":{"line":108,"column":63},"end":{"line":108,"column":79}}},"17":{"name":"(anonymous_17)","line":124,"loc":{"start":{"line":124,"column":35},"end":{"line":124,"column":64}}},"18":{"name":"(anonymous_18)","line":126,"loc":{"start":{"line":126,"column":10},"end":{"line":126,"column":25}}},"19":{"name":"(anonymous_19)","line":130,"loc":{"start":{"line":130,"column":11},"end":{"line":130,"column":22}}},"20":{"name":"(anonymous_20)","line":136,"loc":{"start":{"line":136,"column":27},"end":{"line":136,"column":59}}},"21":{"name":"(anonymous_21)","line":140,"loc":{"start":{"line":140,"column":25},"end":{"line":140,"column":44}}},"22":{"name":"(anonymous_22)","line":141,"loc":{"start":{"line":141,"column":37},"end":{"line":141,"column":52}}},"23":{"name":"(anonymous_23)","line":143,"loc":{"start":{"line":143,"column":15},"end":{"line":143,"column":29}}},"24":{"name":"(anonymous_24)","line":147,"loc":{"start":{"line":147,"column":16},"end":{"line":147,"column":31}}},"25":{"name":"(anonymous_25)","line":148,"loc":{"start":{"line":148,"column":68},"end":{"line":148,"column":94}}},"26":{"name":"(anonymous_26)","line":150,"loc":{"start":{"line":150,"column":15},"end":{"line":150,"column":29}}},"27":{"name":"(anonymous_27)","line":154,"loc":{"start":{"line":154,"column":21},"end":{"line":154,"column":36}}},"28":{"name":"(anonymous_28)","line":155,"loc":{"start":{"line":155,"column":72},"end":{"line":155,"column":87}}},"29":{"name":"(anonymous_29)","line":157,"loc":{"start":{"line":157,"column":15},"end":{"line":157,"column":29}}},"30":{"name":"initializeUserStoreClass","line":164,"loc":{"start":{"line":164,"column":17},"end":{"line":164,"column":59}}}},"statementMap":{"1":{"start":{"line":1,"column":0},"end":{"line":1,"column":26}},"2":{"start":{"line":2,"column":0},"end":{"line":2,"column":29}},"3":{"start":{"line":3,"column":0},"end":{"line":3,"column":21}},"4":{"start":{"line":4,"column":0},"end":{"line":4,"column":60}},"5":{"start":{"line":6,"column":0},"end":{"line":6,"column":66}},"6":{"start":{"line":7,"column":0},"end":{"line":7,"column":49}},"7":{"start":{"line":9,"column":0},"end":{"line":16,"column":1}},"8":{"start":{"line":10,"column":2},"end":{"line":10,"column":27}},"9":{"start":{"line":11,"column":2},"end":{"line":13,"column":3}},"10":{"start":{"line":12,"column":4},"end":{"line":12,"column":25}},"11":{"start":{"line":15,"column":2},"end":{"line":15,"column":14}},"12":{"start":{"line":18,"column":0},"end":{"line":23,"column":1}},"13":{"start":{"line":19,"column":2},"end":{"line":22,"column":5}},"14":{"start":{"line":20,"column":4},"end":{"line":20,"column":27}},"15":{"start":{"line":21,"column":4},"end":{"line":21,"column":16}},"16":{"start":{"line":25,"column":0},"end":{"line":162,"column":1}},"17":{"start":{"line":26,"column":2},"end":{"line":26,"column":44}},"18":{"start":{"line":27,"column":2},"end":{"line":27,"column":44}},"19":{"start":{"line":28,"column":2},"end":{"line":28,"column":40}},"20":{"start":{"line":29,"column":2},"end":{"line":29,"column":44}},"21":{"start":{"line":31,"column":2},"end":{"line":36,"column":4}},"22":{"start":{"line":32,"column":4},"end":{"line":32,"column":29}},"23":{"start":{"line":33,"column":4},"end":{"line":35,"column":25}},"24":{"start":{"line":38,"column":2},"end":{"line":45,"column":4}},"25":{"start":{"line":39,"column":4},"end":{"line":44,"column":7}},"26":{"start":{"line":40,"column":6},"end":{"line":42,"column":7}},"27":{"start":{"line":41,"column":8},"end":{"line":41,"column":42}},"28":{"start":{"line":43,"column":6},"end":{"line":43,"column":18}},"29":{"start":{"line":47,"column":2},"end":{"line":52,"column":4}},"30":{"start":{"line":48,"column":4},"end":{"line":51,"column":21}},"31":{"start":{"line":57,"column":2},"end":{"line":60,"column":4}},"32":{"start":{"line":58,"column":4},"end":{"line":59,"column":25}},"33":{"start":{"line":69,"column":2},"end":{"line":74,"column":4}},"34":{"start":{"line":70,"column":4},"end":{"line":70,"column":90}},"35":{"start":{"line":71,"column":4},"end":{"line":73,"column":25}},"36":{"start":{"line":85,"column":2},"end":{"line":104,"column":4}},"37":{"start":{"line":86,"column":4},"end":{"line":86,"column":13}},"38":{"start":{"line":87,"column":4},"end":{"line":103,"column":7}},"39":{"start":{"line":88,"column":6},"end":{"line":88,"column":26}},"40":{"start":{"line":92,"column":6},"end":{"line":94,"column":7}},"41":{"start":{"line":93,"column":8},"end":{"line":93,"column":37}},"42":{"start":{"line":96,"column":6},"end":{"line":96,"column":29}},"43":{"start":{"line":97,"column":6},"end":{"line":97,"column":18}},"44":{"start":{"line":102,"column":6},"end":{"line":102,"column":51}},"45":{"start":{"line":106,"column":2},"end":{"line":115,"column":3}},"46":{"start":{"line":108,"column":4},"end":{"line":114,"column":7}},"47":{"start":{"line":109,"column":6},"end":{"line":113,"column":7}},"48":{"start":{"line":110,"column":8},"end":{"line":110,"column":42}},"49":{"start":{"line":112,"column":8},"end":{"line":112,"column":20}},"50":{"start":{"line":124,"column":2},"end":{"line":133,"column":4}},"51":{"start":{"line":125,"column":4},"end":{"line":132,"column":7}},"52":{"start":{"line":127,"column":6},"end":{"line":127,"column":32}},"53":{"start":{"line":131,"column":6},"end":{"line":131,"column":51}},"54":{"start":{"line":136,"column":2},"end":{"line":161,"column":4}},"55":{"start":{"line":137,"column":4},"end":{"line":137,"column":20}},"56":{"start":{"line":138,"column":4},"end":{"line":138,"column":49}},"57":{"start":{"line":139,"column":4},"end":{"line":160,"column":7}},"58":{"start":{"line":141,"column":6},"end":{"line":145,"column":9}},"59":{"start":{"line":142,"column":8},"end":{"line":142,"column":100}},"60":{"start":{"line":144,"column":8},"end":{"line":144,"column":119}},"61":{"start":{"line":148,"column":6},"end":{"line":152,"column":9}},"62":{"start":{"line":149,"column":8},"end":{"line":149,"column":107}},"63":{"start":{"line":151,"column":8},"end":{"line":151,"column":115}},"64":{"start":{"line":155,"column":6},"end":{"line":159,"column":9}},"65":{"start":{"line":156,"column":8},"end":{"line":156,"column":100}},"66":{"start":{"line":158,"column":8},"end":{"line":158,"column":119}},"67":{"start":{"line":164,"column":0},"end":{"line":168,"column":2}},"68":{"start":{"line":165,"column":2},"end":{"line":165,"column":34}},"69":{"start":{"line":166,"column":2},"end":{"line":166,"column":23}},"70":{"start":{"line":167,"column":2},"end":{"line":167,"column":15}}},"branchMap":{"1":{"line":11,"type":"if","locations":[{"start":{"line":11,"column":2},"end":{"line":11,"column":2}},{"start":{"line":11,"column":2},"end":{"line":11,"column":2}}]},"2":{"line":40,"type":"if","locations":[{"start":{"line":40,"column":6},"end":{"line":40,"column":6}},{"start":{"line":40,"column":6},"end":{"line":40,"column":6}}]},"3":{"line":70,"type":"cond-expr","locations":[{"start":{"line":70,"column":42},"end":{"line":70,"column":79}},{"start":{"line":70,"column":82},"end":{"line":70,"column":89}}]},"4":{"line":92,"type":"if","locations":[{"start":{"line":92,"column":6},"end":{"line":92,"column":6}},{"start":{"line":92,"column":6},"end":{"line":92,"column":6}}]},"5":{"line":109,"type":"if","locations":[{"start":{"line":109,"column":6},"end":{"line":109,"column":6}},{"start":{"line":109,"column":6},"end":{"line":109,"column":6}}]}}},"/home/spriadka/FeeedHenry/raincatcher-user/lib/client/user/mediator-topics/list.js":{"path":"/home/spriadka/FeeedHenry/raincatcher-user/lib/client/user/mediator-topics/list.js","s":{"1":1,"2":2,"3":2},"b":{},"f":{"1":2,"2":2},"fnMap":{"1":{"name":"listUsersSubscriber","line":8,"loc":{"start":{"line":8,"column":17},"end":{"line":8,"column":76}}},"2":{"name":"handleListUsersTopic","line":16,"loc":{"start":{"line":16,"column":9},"end":{"line":16,"column":41}}}},"statementMap":{"1":{"start":{"line":8,"column":0},"end":{"line":19,"column":2}},"2":{"start":{"line":16,"column":2},"end":{"line":18,"column":4}},"3":{"start":{"line":17,"column":4},"end":{"line":17,"column":29}}},"branchMap":{}},"/home/spriadka/FeeedHenry/raincatcher-user/lib/client/user/mediator-topics/read_profile.js":{"path":"/home/spriadka/FeeedHenry/raincatcher-user/lib/client/user/mediator-topics/read_profile.js","s":{"1":1,"2":1,"3":3,"4":3,"5":3,"6":3,"7":3,"8":3,"9":2,"10":1},"b":{"1":[3,0]},"f":{"1":3,"2":3,"3":2,"4":1},"fnMap":{"1":{"name":"readCurrentLoggedInUser","line":9,"loc":{"start":{"line":9,"column":17},"end":{"line":9,"column":80}}},"2":{"name":"handleReadCurrentLoggedInUser","line":19,"loc":{"start":{"line":19,"column":9},"end":{"line":19,"column":60}}},"3":{"name":"(anonymous_3)","line":26,"loc":{"start":{"line":26,"column":12},"end":{"line":26,"column":34}}},"4":{"name":"(anonymous_4)","line":28,"loc":{"start":{"line":28,"column":15},"end":{"line":28,"column":31}}}},"statementMap":{"1":{"start":{"line":1,"column":0},"end":{"line":1,"column":46}},"2":{"start":{"line":9,"column":0},"end":{"line":32,"column":2}},"3":{"start":{"line":19,"column":2},"end":{"line":31,"column":4}},"4":{"start":{"line":20,"column":4},"end":{"line":20,"column":20}},"5":{"start":{"line":21,"column":4},"end":{"line":21,"column":34}},"6":{"start":{"line":22,"column":4},"end":{"line":22,"column":132}},"7":{"start":{"line":23,"column":4},"end":{"line":23,"column":134}},"8":{"start":{"line":25,"column":4},"end":{"line":30,"column":9}},"9":{"start":{"line":27,"column":8},"end":{"line":27,"column":65}},"10":{"start":{"line":29,"column":8},"end":{"line":29,"column":60}}},"branchMap":{"1":{"line":21,"type":"binary-expr","locations":[{"start":{"line":21,"column":17},"end":{"line":21,"column":27}},{"start":{"line":21,"column":31},"end":{"line":21,"column":33}}]}}},"/home/spriadka/FeeedHenry/raincatcher-user/lib/client/user/mediator-topics/read.js":{"path":"/home/spriadka/FeeedHenry/raincatcher-user/lib/client/user/mediator-topics/read.js","s":{"1":1,"2":3,"3":3,"4":3},"b":{"1":[3,0]},"f":{"1":3,"2":3},"fnMap":{"1":{"name":"listUsersSubscriber","line":8,"loc":{"start":{"line":8,"column":17},"end":{"line":8,"column":76}}},"2":{"name":"handleReadUsersTopic","line":19,"loc":{"start":{"line":19,"column":9},"end":{"line":19,"column":51}}}},"statementMap":{"1":{"start":{"line":8,"column":0},"end":{"line":23,"column":2}},"2":{"start":{"line":19,"column":2},"end":{"line":22,"column":4}},"3":{"start":{"line":20,"column":4},"end":{"line":20,"column":34}},"4":{"start":{"line":21,"column":4},"end":{"line":21,"column":42}}},"branchMap":{"1":{"line":20,"type":"binary-expr","locations":[{"start":{"line":20,"column":17},"end":{"line":20,"column":27}},{"start":{"line":20,"column":31},"end":{"line":20,"column":33}}]}}},"/home/spriadka/FeeedHenry/raincatcher-user/lib/cloud/group/group-router.js":{"path":"/home/spriadka/FeeedHenry/raincatcher-user/lib/cloud/group/group-router.js","s":{"1":1,"2":1,"3":1,"4":11,"5":11,"6":1,"7":11,"8":3,"9":11,"10":3,"11":11,"12":1,"13":11,"14":3,"15":11,"16":1,"17":11,"18":11},"b":{},"f":{"1":11,"2":1,"3":3,"4":3,"5":1,"6":3,"7":11},"fnMap":{"1":{"name":"initRouter","line":14,"loc":{"start":{"line":14,"column":0},"end":{"line":14,"column":37}}},"2":{"name":"(anonymous_2)","line":17,"loc":{"start":{"line":17,"column":50},"end":{"line":17,"column":61}}},"3":{"name":"(anonymous_3)","line":21,"loc":{"start":{"line":21,"column":53},"end":{"line":21,"column":67}}},"4":{"name":"(anonymous_4)","line":25,"loc":{"start":{"line":25,"column":53},"end":{"line":25,"column":67}}},"5":{"name":"(anonymous_5)","line":29,"loc":{"start":{"line":29,"column":51},"end":{"line":29,"column":65}}},"6":{"name":"(anonymous_6)","line":33,"loc":{"start":{"line":33,"column":56},"end":{"line":33,"column":70}}},"7":{"name":"groupRouterInit","line":45,"loc":{"start":{"line":45,"column":17},"end":{"line":45,"column":64}}}},"statementMap":{"1":{"start":{"line":3,"column":0},"end":{"line":4,"column":48}},"2":{"start":{"line":6,"column":0},"end":{"line":6,"column":67}},"3":{"start":{"line":14,"column":0},"end":{"line":38,"column":1}},"4":{"start":{"line":15,"column":2},"end":{"line":15,"column":32}},"5":{"start":{"line":17,"column":2},"end":{"line":19,"column":6}},"6":{"start":{"line":18,"column":4},"end":{"line":18,"column":34}},"7":{"start":{"line":21,"column":2},"end":{"line":23,"column":6}},"8":{"start":{"line":22,"column":4},"end":{"line":22,"column":47}},"9":{"start":{"line":25,"column":2},"end":{"line":27,"column":6}},"10":{"start":{"line":26,"column":4},"end":{"line":26,"column":44}},"11":{"start":{"line":29,"column":2},"end":{"line":31,"column":6}},"12":{"start":{"line":30,"column":4},"end":{"line":30,"column":44}},"13":{"start":{"line":33,"column":2},"end":{"line":35,"column":6}},"14":{"start":{"line":34,"column":4},"end":{"line":34,"column":44}},"15":{"start":{"line":37,"column":2},"end":{"line":37,"column":16}},"16":{"start":{"line":45,"column":0},"end":{"line":48,"column":2}},"17":{"start":{"line":46,"column":2},"end":{"line":46,"column":43}},"18":{"start":{"line":47,"column":2},"end":{"line":47,"column":34}}},"branchMap":{}},"/home/spriadka/FeeedHenry/raincatcher-user/lib/config/config-group.js":{"path":"/home/spriadka/FeeedHenry/raincatcher-user/lib/config/config-group.js","s":{"1":1},"b":{},"f":{},"fnMap":{},"statementMap":{"1":{"start":{"line":3,"column":0},"end":{"line":7,"column":2}}},"branchMap":{}},"/home/spriadka/FeeedHenry/raincatcher-user/lib/cloud/topicResponseHandler.js":{"path":"/home/spriadka/FeeedHenry/raincatcher-user/lib/cloud/topicResponseHandler.js","s":{"1":1,"2":110,"3":22,"4":12},"b":{},"f":{"1":110,"2":22,"3":12},"fnMap":{"1":{"name":"handlePromiseResponse","line":6,"loc":{"start":{"line":6,"column":17},"end":{"line":6,"column":52}}},"2":{"name":"(anonymous_2)","line":7,"loc":{"start":{"line":7,"column":9},"end":{"line":7,"column":34}}},"3":{"name":"(anonymous_3)","line":9,"loc":{"start":{"line":9,"column":12},"end":{"line":9,"column":29}}}},"statementMap":{"1":{"start":{"line":6,"column":0},"end":{"line":13,"column":2}},"2":{"start":{"line":7,"column":2},"end":{"line":12,"column":4}},"3":{"start":{"line":8,"column":4},"end":{"line":11,"column":21}},"4":{"start":{"line":10,"column":8},"end":{"line":10,"column":25}}},"branchMap":{}},"/home/spriadka/FeeedHenry/raincatcher-user/lib/cloud/group/groupOperations/index.js":{"path":"/home/spriadka/FeeedHenry/raincatcher-user/lib/cloud/group/groupOperations/index.js","s":{"1":1,"2":1,"3":1,"4":1,"5":11,"6":1,"7":1,"8":1,"9":1,"10":3,"11":1,"12":3,"13":1,"14":1,"15":1,"16":3,"17":1},"b":{},"f":{"1":11,"2":1,"3":3,"4":3,"5":1,"6":3},"fnMap":{"1":{"name":"GroupOperations","line":6,"loc":{"start":{"line":6,"column":0},"end":{"line":6,"column":35}}},"2":{"name":"createGroup","line":19,"loc":{"start":{"line":19,"column":35},"end":{"line":19,"column":71}}},"3":{"name":"updateGroup","line":31,"loc":{"start":{"line":31,"column":35},"end":{"line":31,"column":71}}},"4":{"name":"readGroup","line":42,"loc":{"start":{"line":42,"column":33},"end":{"line":42,"column":56}}},"5":{"name":"listGroups","line":52,"loc":{"start":{"line":52,"column":33},"end":{"line":52,"column":55}}},"6":{"name":"listGroups","line":63,"loc":{"start":{"line":63,"column":35},"end":{"line":63,"column":70}}}},"statementMap":{"1":{"start":{"line":1,"column":0},"end":{"line":1,"column":53}},"2":{"start":{"line":2,"column":0},"end":{"line":2,"column":33}},"3":{"start":{"line":4,"column":0},"end":{"line":4,"column":65}},"4":{"start":{"line":6,"column":0},"end":{"line":10,"column":1}},"5":{"start":{"line":7,"column":2},"end":{"line":9,"column":30}},"6":{"start":{"line":19,"column":0},"end":{"line":22,"column":2}},"7":{"start":{"line":20,"column":2},"end":{"line":20,"column":40}},"8":{"start":{"line":21,"column":2},"end":{"line":21,"column":93}},"9":{"start":{"line":31,"column":0},"end":{"line":33,"column":2}},"10":{"start":{"line":32,"column":2},"end":{"line":32,"column":93}},"11":{"start":{"line":42,"column":0},"end":{"line":44,"column":2}},"12":{"start":{"line":43,"column":2},"end":{"line":43,"column":55}},"13":{"start":{"line":52,"column":0},"end":{"line":54,"column":2}},"14":{"start":{"line":53,"column":2},"end":{"line":53,"column":51}},"15":{"start":{"line":63,"column":0},"end":{"line":65,"column":2}},"16":{"start":{"line":64,"column":2},"end":{"line":64,"column":93}},"17":{"start":{"line":68,"column":0},"end":{"line":68,"column":33}}},"branchMap":{}},"/home/spriadka/FeeedHenry/raincatcher-user/lib/cloud/membership/membership-router.js":{"path":"/home/spriadka/FeeedHenry/raincatcher-user/lib/cloud/membership/membership-router.js","s":{"1":1,"2":1,"3":1,"4":1,"5":11,"6":11,"7":1,"8":11,"9":3,"10":11,"11":3,"12":11,"13":1,"14":11,"15":3,"16":11,"17":1,"18":11,"19":11},"b":{},"f":{"1":11,"2":1,"3":3,"4":3,"5":1,"6":3,"7":11},"fnMap":{"1":{"name":"initRouter","line":13,"loc":{"start":{"line":13,"column":0},"end":{"line":13,"column":42}}},"2":{"name":"(anonymous_2)","line":16,"loc":{"start":{"line":16,"column":55},"end":{"line":16,"column":66}}},"3":{"name":"(anonymous_3)","line":20,"loc":{"start":{"line":20,"column":58},"end":{"line":20,"column":72}}},"4":{"name":"(anonymous_4)","line":24,"loc":{"start":{"line":24,"column":58},"end":{"line":24,"column":72}}},"5":{"name":"(anonymous_5)","line":28,"loc":{"start":{"line":28,"column":56},"end":{"line":28,"column":70}}},"6":{"name":"(anonymous_6)","line":32,"loc":{"start":{"line":32,"column":61},"end":{"line":32,"column":75}}},"7":{"name":"membershipRouterInit","line":44,"loc":{"start":{"line":44,"column":17},"end":{"line":44,"column":74}}}},"statementMap":{"1":{"start":{"line":3,"column":0},"end":{"line":3,"column":33}},"2":{"start":{"line":4,"column":0},"end":{"line":4,"column":55}},"3":{"start":{"line":5,"column":0},"end":{"line":5,"column":72}},"4":{"start":{"line":13,"column":0},"end":{"line":37,"column":1}},"5":{"start":{"line":14,"column":2},"end":{"line":14,"column":32}},"6":{"start":{"line":16,"column":2},"end":{"line":18,"column":6}},"7":{"start":{"line":17,"column":4},"end":{"line":17,"column":39}},"8":{"start":{"line":20,"column":2},"end":{"line":22,"column":6}},"9":{"start":{"line":21,"column":4},"end":{"line":21,"column":52}},"10":{"start":{"line":24,"column":2},"end":{"line":26,"column":6}},"11":{"start":{"line":25,"column":4},"end":{"line":25,"column":49}},"12":{"start":{"line":28,"column":2},"end":{"line":30,"column":6}},"13":{"start":{"line":29,"column":4},"end":{"line":29,"column":49}},"14":{"start":{"line":32,"column":2},"end":{"line":34,"column":6}},"15":{"start":{"line":33,"column":4},"end":{"line":33,"column":49}},"16":{"start":{"line":36,"column":2},"end":{"line":36,"column":16}},"17":{"start":{"line":44,"column":0},"end":{"line":47,"column":2}},"18":{"start":{"line":45,"column":2},"end":{"line":45,"column":48}},"19":{"start":{"line":46,"column":2},"end":{"line":46,"column":34}}},"branchMap":{}},"/home/spriadka/FeeedHenry/raincatcher-user/lib/config/config-membership.js":{"path":"/home/spriadka/FeeedHenry/raincatcher-user/lib/config/config-membership.js","s":{"1":1},"b":{},"f":{},"fnMap":{},"statementMap":{"1":{"start":{"line":3,"column":0},"end":{"line":7,"column":2}}},"branchMap":{}},"/home/spriadka/FeeedHenry/raincatcher-user/lib/cloud/membership/membershipOperations/index.js":{"path":"/home/spriadka/FeeedHenry/raincatcher-user/lib/cloud/membership/membershipOperations/index.js","s":{"1":1,"2":1,"3":1,"4":1,"5":11,"6":1,"7":1,"8":1,"9":1,"10":3,"11":1,"12":3,"13":1,"14":1,"15":1,"16":3,"17":1},"b":{},"f":{"1":11,"2":1,"3":3,"4":3,"5":1,"6":3},"fnMap":{"1":{"name":"MembershipOperations","line":6,"loc":{"start":{"line":6,"column":0},"end":{"line":6,"column":40}}},"2":{"name":"createMembership","line":19,"loc":{"start":{"line":19,"column":40},"end":{"line":19,"column":86}}},"3":{"name":"updateMembership","line":31,"loc":{"start":{"line":31,"column":40},"end":{"line":31,"column":86}}},"4":{"name":"readMembership","line":42,"loc":{"start":{"line":42,"column":38},"end":{"line":42,"column":66}}},"5":{"name":"listMemberships","line":52,"loc":{"start":{"line":52,"column":38},"end":{"line":52,"column":65}}},"6":{"name":"listMemberships","line":63,"loc":{"start":{"line":63,"column":40},"end":{"line":63,"column":85}}}},"statementMap":{"1":{"start":{"line":1,"column":0},"end":{"line":1,"column":58}},"2":{"start":{"line":2,"column":0},"end":{"line":2,"column":33}},"3":{"start":{"line":4,"column":0},"end":{"line":4,"column":70}},"4":{"start":{"line":6,"column":0},"end":{"line":10,"column":1}},"5":{"start":{"line":7,"column":2},"end":{"line":9,"column":30}},"6":{"start":{"line":19,"column":0},"end":{"line":22,"column":2}},"7":{"start":{"line":20,"column":2},"end":{"line":20,"column":45}},"8":{"start":{"line":21,"column":2},"end":{"line":21,"column":103}},"9":{"start":{"line":31,"column":0},"end":{"line":33,"column":2}},"10":{"start":{"line":32,"column":2},"end":{"line":32,"column":103}},"11":{"start":{"line":42,"column":0},"end":{"line":44,"column":2}},"12":{"start":{"line":43,"column":2},"end":{"line":43,"column":55}},"13":{"start":{"line":52,"column":0},"end":{"line":54,"column":2}},"14":{"start":{"line":53,"column":2},"end":{"line":53,"column":51}},"15":{"start":{"line":63,"column":0},"end":{"line":65,"column":2}},"16":{"start":{"line":64,"column":2},"end":{"line":64,"column":103}},"17":{"start":{"line":68,"column":0},"end":{"line":68,"column":38}}},"branchMap":{}},"/home/spriadka/FeeedHenry/raincatcher-user/lib/cloud/middleware/validateSession.js":{"path":"/home/spriadka/FeeedHenry/raincatcher-user/lib/cloud/middleware/validateSession.js","s":{"1":4,"2":4,"3":4,"4":4,"5":4,"6":4,"7":4,"8":4,"9":0,"10":0,"11":4,"12":1,"13":3,"14":3,"15":0,"16":3,"17":1,"18":2,"19":2,"20":0,"21":2,"22":1,"23":1},"b":{"1":[4,0],"2":[4,1],"3":[0,0],"4":[1,3],"5":[0,3],"6":[1,2],"7":[0,2],"8":[1,1]},"f":{"1":4,"2":4,"3":3,"4":2},"fnMap":{"1":{"name":"validateSession","line":14,"loc":{"start":{"line":14,"column":17},"end":{"line":14,"column":76}}},"2":{"name":"validateSessionMiddleware","line":16,"loc":{"start":{"line":16,"column":9},"end":{"line":16,"column":60}}},"3":{"name":"(anonymous_3)","line":34,"loc":{"start":{"line":34,"column":54},"end":{"line":34,"column":82}}},"4":{"name":"(anonymous_4)","line":43,"loc":{"start":{"line":43,"column":63},"end":{"line":43,"column":91}}}},"statementMap":{"1":{"start":{"line":1,"column":0},"end":{"line":1,"column":45}},"2":{"start":{"line":2,"column":0},"end":{"line":2,"column":47}},"3":{"start":{"line":14,"column":0},"end":{"line":57,"column":2}},"4":{"start":{"line":16,"column":2},"end":{"line":56,"column":4}},"5":{"start":{"line":19,"column":4},"end":{"line":19,"column":46}},"6":{"start":{"line":20,"column":4},"end":{"line":20,"column":78}},"7":{"start":{"line":21,"column":4},"end":{"line":21,"column":27}},"8":{"start":{"line":24,"column":4},"end":{"line":28,"column":5}},"9":{"start":{"line":25,"column":6},"end":{"line":27,"column":7}},"10":{"start":{"line":26,"column":8},"end":{"line":26,"column":22}},"11":{"start":{"line":30,"column":4},"end":{"line":32,"column":5}},"12":{"start":{"line":31,"column":6},"end":{"line":31,"column":61}},"13":{"start":{"line":34,"column":4},"end":{"line":54,"column":7}},"14":{"start":{"line":35,"column":6},"end":{"line":37,"column":7}},"15":{"start":{"line":36,"column":8},"end":{"line":36,"column":41}},"16":{"start":{"line":39,"column":6},"end":{"line":41,"column":7}},"17":{"start":{"line":40,"column":8},"end":{"line":40,"column":22}},"18":{"start":{"line":43,"column":6},"end":{"line":53,"column":9}},"19":{"start":{"line":44,"column":8},"end":{"line":46,"column":9}},"20":{"start":{"line":45,"column":10},"end":{"line":45,"column":43}},"21":{"start":{"line":48,"column":8},"end":{"line":50,"column":9}},"22":{"start":{"line":49,"column":10},"end":{"line":49,"column":65}},"23":{"start":{"line":52,"column":8},"end":{"line":52,"column":22}}},"branchMap":{"1":{"line":19,"type":"binary-expr","locations":[{"start":{"line":19,"column":18},"end":{"line":19,"column":31}},{"start":{"line":19,"column":35},"end":{"line":19,"column":45}}]},"2":{"line":20,"type":"binary-expr","locations":[{"start":{"line":20,"column":23},"end":{"line":20,"column":48}},{"start":{"line":20,"column":52},"end":{"line":20,"column":77}}]},"3":{"line":25,"type":"if","locations":[{"start":{"line":25,"column":6},"end":{"line":25,"column":6}},{"start":{"line":25,"column":6},"end":{"line":25,"column":6}}]},"4":{"line":30,"type":"if","locations":[{"start":{"line":30,"column":4},"end":{"line":30,"column":4}},{"start":{"line":30,"column":4},"end":{"line":30,"column":4}}]},"5":{"line":35,"type":"if","locations":[{"start":{"line":35,"column":6},"end":{"line":35,"column":6}},{"start":{"line":35,"column":6},"end":{"line":35,"column":6}}]},"6":{"line":39,"type":"if","locations":[{"start":{"line":39,"column":6},"end":{"line":39,"column":6}},{"start":{"line":39,"column":6},"end":{"line":39,"column":6}}]},"7":{"line":44,"type":"if","locations":[{"start":{"line":44,"column":8},"end":{"line":44,"column":8}},{"start":{"line":44,"column":8},"end":{"line":44,"column":8}}]},"8":{"line":48,"type":"if","locations":[{"start":{"line":48,"column":8},"end":{"line":48,"column":8}},{"start":{"line":48,"column":8},"end":{"line":48,"column":8}}]}}},"/home/spriadka/FeeedHenry/raincatcher-user/lib/cloud/middleware/sessionCache.js":{"path":"/home/spriadka/FeeedHenry/raincatcher-user/lib/cloud/middleware/sessionCache.js","s":{"1":1,"2":1,"3":3,"4":3,"5":3,"6":0,"7":3,"8":1,"9":0,"10":0,"11":0,"12":1},"b":{"1":[0,3]},"f":{"1":3,"2":3,"3":0,"4":0},"fnMap":{"1":{"name":"checkSession","line":10,"loc":{"start":{"line":10,"column":0},"end":{"line":10,"column":50}}},"2":{"name":"(anonymous_2)","line":16,"loc":{"start":{"line":16,"column":26},"end":{"line":16,"column":49}}},"3":{"name":"saveSession","line":32,"loc":{"start":{"line":32,"column":0},"end":{"line":32,"column":58}}},"4":{"name":"(anonymous_4)","line":41,"loc":{"start":{"line":41,"column":26},"end":{"line":41,"column":40}}}},"statementMap":{"1":{"start":{"line":1,"column":0},"end":{"line":1,"column":49}},"2":{"start":{"line":10,"column":0},"end":{"line":22,"column":1}},"3":{"start":{"line":11,"column":2},"end":{"line":14,"column":4}},"4":{"start":{"line":16,"column":2},"end":{"line":21,"column":5}},"5":{"start":{"line":17,"column":4},"end":{"line":19,"column":5}},"6":{"start":{"line":18,"column":6},"end":{"line":18,"column":21}},"7":{"start":{"line":20,"column":4},"end":{"line":20,"column":40}},"8":{"start":{"line":32,"column":0},"end":{"line":44,"column":1}},"9":{"start":{"line":34,"column":2},"end":{"line":39,"column":4}},"10":{"start":{"line":41,"column":2},"end":{"line":43,"column":5}},"11":{"start":{"line":42,"column":4},"end":{"line":42,"column":28}},"12":{"start":{"line":46,"column":0},"end":{"line":49,"column":2}}},"branchMap":{"1":{"line":17,"type":"if","locations":[{"start":{"line":17,"column":4},"end":{"line":17,"column":4}},{"start":{"line":17,"column":4},"end":{"line":17,"column":4}}]}}},"/home/spriadka/FeeedHenry/raincatcher-user/lib/cloud/middleware/verifySession.js":{"path":"/home/spriadka/FeeedHenry/raincatcher-user/lib/cloud/middleware/verifySession.js","s":{"1":1,"2":1,"3":0,"4":0,"5":0,"6":0,"7":0,"8":0,"9":0,"10":0},"b":{"1":[0,0],"2":[0,0],"3":[0,0]},"f":{"1":0,"2":0,"3":0,"4":0},"fnMap":{"1":{"name":"verifySession","line":14,"loc":{"start":{"line":14,"column":17},"end":{"line":14,"column":87}}},"2":{"name":"(anonymous_2)","line":16,"loc":{"start":{"line":16,"column":10},"end":{"line":16,"column":36}}},"3":{"name":"(anonymous_3)","line":21,"loc":{"start":{"line":21,"column":64},"end":{"line":21,"column":92}}},"4":{"name":"(anonymous_4)","line":30,"loc":{"start":{"line":30,"column":7},"end":{"line":30,"column":21}}}},"statementMap":{"1":{"start":{"line":1,"column":0},"end":{"line":1,"column":48}},"2":{"start":{"line":14,"column":0},"end":{"line":33,"column":2}},"3":{"start":{"line":15,"column":2},"end":{"line":32,"column":7}},"4":{"start":{"line":17,"column":6},"end":{"line":19,"column":7}},"5":{"start":{"line":18,"column":8},"end":{"line":18,"column":20}},"6":{"start":{"line":21,"column":6},"end":{"line":28,"column":9}},"7":{"start":{"line":22,"column":8},"end":{"line":24,"column":9}},"8":{"start":{"line":23,"column":10},"end":{"line":23,"column":25}},"9":{"start":{"line":26,"column":8},"end":{"line":26,"column":43}},"10":{"start":{"line":31,"column":6},"end":{"line":31,"column":21}}},"branchMap":{"1":{"line":17,"type":"if","locations":[{"start":{"line":17,"column":6},"end":{"line":17,"column":6}},{"start":{"line":17,"column":6},"end":{"line":17,"column":6}}]},"2":{"line":17,"type":"binary-expr","locations":[{"start":{"line":17,"column":10},"end":{"line":17,"column":26}},{"start":{"line":17,"column":30},"end":{"line":17,"column":54}}]},"3":{"line":22,"type":"if","locations":[{"start":{"line":22,"column":8},"end":{"line":22,"column":8}},{"start":{"line":22,"column":8},"end":{"line":22,"column":8}}]}}},"/home/spriadka/FeeedHenry/raincatcher-user/lib/cloud/user/user-session.js":{"path":"/home/spriadka/FeeedHenry/raincatcher-user/lib/cloud/user/user-session.js","s":{"1":2,"2":1,"3":2,"4":2,"5":0,"6":0,"7":0,"8":0,"9":2,"10":0,"11":0,"12":0,"13":0,"14":0,"15":2,"16":0,"17":0,"18":0,"19":0,"20":0,"21":2,"22":2,"23":2,"24":2,"25":2,"26":2,"27":2,"28":2,"29":3,"30":3,"31":0},"b":{"1":[0,0,0],"2":[0,0],"3":[0,0],"4":[0,0],"5":[0,0]},"f":{"1":2,"2":0,"3":0,"4":0,"5":0,"6":0,"7":0,"8":0,"9":0,"10":0,"11":2,"12":3,"13":3,"14":0},"fnMap":{"1":{"name":"initRouter","line":5,"loc":{"start":{"line":5,"column":0},"end":{"line":5,"column":29}}},"2":{"name":"(anonymous_2)","line":8,"loc":{"start":{"line":8,"column":29},"end":{"line":8,"column":54}}},"3":{"name":"(anonymous_3)","line":10,"loc":{"start":{"line":10,"column":30},"end":{"line":10,"column":45}}},"4":{"name":"(anonymous_4)","line":12,"loc":{"start":{"line":12,"column":7},"end":{"line":12,"column":23}}},"5":{"name":"(anonymous_5)","line":17,"loc":{"start":{"line":17,"column":38},"end":{"line":17,"column":63}}},"6":{"name":"(anonymous_6)","line":20,"loc":{"start":{"line":20,"column":45},"end":{"line":20,"column":60}}},"7":{"name":"(anonymous_7)","line":22,"loc":{"start":{"line":22,"column":7},"end":{"line":22,"column":23}}},"8":{"name":"(anonymous_8)","line":27,"loc":{"start":{"line":27,"column":38},"end":{"line":27,"column":63}}},"9":{"name":"(anonymous_9)","line":30,"loc":{"start":{"line":30,"column":45},"end":{"line":30,"column":60}}},"10":{"name":"(anonymous_10)","line":32,"loc":{"start":{"line":32,"column":7},"end":{"line":32,"column":23}}},"11":{"name":"(anonymous_11)","line":47,"loc":{"start":{"line":47,"column":17},"end":{"line":47,"column":47}}},"12":{"name":"(anonymous_12)","line":56,"loc":{"start":{"line":56,"column":55},"end":{"line":56,"column":78}}},"13":{"name":"(anonymous_13)","line":59,"loc":{"start":{"line":59,"column":12},"end":{"line":59,"column":41}}},"14":{"name":"(anonymous_14)","line":63,"loc":{"start":{"line":63,"column":13},"end":{"line":63,"column":27}}}},"statementMap":{"1":{"start":{"line":1,"column":0},"end":{"line":3,"column":57}},"2":{"start":{"line":5,"column":0},"end":{"line":38,"column":1}},"3":{"start":{"line":6,"column":2},"end":{"line":6,"column":32}},"4":{"start":{"line":8,"column":2},"end":{"line":15,"column":5}},"5":{"start":{"line":9,"column":4},"end":{"line":9,"column":52}},"6":{"start":{"line":10,"column":4},"end":{"line":14,"column":7}},"7":{"start":{"line":11,"column":6},"end":{"line":11,"column":21}},"8":{"start":{"line":13,"column":6},"end":{"line":13,"column":18}},"9":{"start":{"line":17,"column":2},"end":{"line":25,"column":5}},"10":{"start":{"line":18,"column":4},"end":{"line":18,"column":47}},"11":{"start":{"line":19,"column":4},"end":{"line":19,"column":80}},"12":{"start":{"line":20,"column":4},"end":{"line":24,"column":7}},"13":{"start":{"line":21,"column":6},"end":{"line":21,"column":21}},"14":{"start":{"line":23,"column":6},"end":{"line":23,"column":18}},"15":{"start":{"line":27,"column":2},"end":{"line":35,"column":5}},"16":{"start":{"line":28,"column":4},"end":{"line":28,"column":47}},"17":{"start":{"line":29,"column":4},"end":{"line":29,"column":80}},"18":{"start":{"line":30,"column":4},"end":{"line":34,"column":7}},"19":{"start":{"line":31,"column":6},"end":{"line":31,"column":21}},"20":{"start":{"line":33,"column":6},"end":{"line":33,"column":18}},"21":{"start":{"line":37,"column":2},"end":{"line":37,"column":16}},"22":{"start":{"line":47,"column":0},"end":{"line":67,"column":2}},"23":{"start":{"line":48,"column":2},"end":{"line":48,"column":18}},"24":{"start":{"line":49,"column":2},"end":{"line":49,"column":27}},"25":{"start":{"line":51,"column":2},"end":{"line":51,"column":44}},"26":{"start":{"line":52,"column":2},"end":{"line":52,"column":35}},"27":{"start":{"line":53,"column":2},"end":{"line":53,"column":41}},"28":{"start":{"line":56,"column":2},"end":{"line":66,"column":5}},"29":{"start":{"line":58,"column":4},"end":{"line":65,"column":9}},"30":{"start":{"line":61,"column":8},"end":{"line":61,"column":105}},"31":{"start":{"line":64,"column":8},"end":{"line":64,"column":91}}},"branchMap":{"1":{"line":9,"type":"binary-expr","locations":[{"start":{"line":9,"column":17},"end":{"line":9,"column":20}},{"start":{"line":9,"column":24},"end":{"line":9,"column":32}},{"start":{"line":9,"column":36},"end":{"line":9,"column":51}}]},"2":{"line":18,"type":"binary-expr","locations":[{"start":{"line":18,"column":19},"end":{"line":18,"column":32}},{"start":{"line":18,"column":36},"end":{"line":18,"column":46}}]},"3":{"line":19,"type":"binary-expr","locations":[{"start":{"line":19,"column":23},"end":{"line":19,"column":49}},{"start":{"line":19,"column":53},"end":{"line":19,"column":79}}]},"4":{"line":28,"type":"binary-expr","locations":[{"start":{"line":28,"column":19},"end":{"line":28,"column":32}},{"start":{"line":28,"column":36},"end":{"line":28,"column":46}}]},"5":{"line":29,"type":"binary-expr","locations":[{"start":{"line":29,"column":23},"end":{"line":29,"column":49}},{"start":{"line":29,"column":53},"end":{"line":29,"column":79}}]}}},"/home/spriadka/FeeedHenry/raincatcher-user/lib/cloud/user/mbaas-service-proxy.js":{"path":"/home/spriadka/FeeedHenry/raincatcher-user/lib/cloud/user/mbaas-service-proxy.js","s":{"1":1,"2":1,"3":0,"4":1,"5":0,"6":0,"7":0,"8":0,"9":0,"10":0,"11":0,"12":0,"13":0,"14":1,"15":0,"16":1,"17":0,"18":1,"19":0,"20":1,"21":0,"22":1,"23":0,"24":1,"25":0,"26":0,"27":0,"28":0,"29":0,"30":0,"31":0,"32":1,"33":0,"34":1,"35":0,"36":1},"b":{"1":[0,0],"2":[0,0]},"f":{"1":0,"2":0,"3":0,"4":0,"5":0,"6":0,"7":0,"8":0,"9":0,"10":0,"11":0,"12":0},"fnMap":{"1":{"name":"MbaasServiceProxy","line":12,"loc":{"start":{"line":12,"column":0},"end":{"line":12,"column":33}}},"2":{"name":"(anonymous_2)","line":25,"loc":{"start":{"line":25,"column":34},"end":{"line":25,"column":53}}},"3":{"name":"(anonymous_3)","line":35,"loc":{"start":{"line":35,"column":23},"end":{"line":35,"column":43}}},"4":{"name":"(anonymous_4)","line":45,"loc":{"start":{"line":45,"column":35},"end":{"line":45,"column":46}}},"5":{"name":"(anonymous_5)","line":49,"loc":{"start":{"line":49,"column":35},"end":{"line":49,"column":48}}},"6":{"name":"(anonymous_6)","line":55,"loc":{"start":{"line":55,"column":37},"end":{"line":55,"column":52}}},"7":{"name":"(anonymous_7)","line":65,"loc":{"start":{"line":65,"column":37},"end":{"line":65,"column":52}}},"8":{"name":"(anonymous_8)","line":75,"loc":{"start":{"line":75,"column":37},"end":{"line":75,"column":52}}},"9":{"name":"(anonymous_9)","line":90,"loc":{"start":{"line":90,"column":35},"end":{"line":90,"column":52}}},"10":{"name":"(anonymous_10)","line":97,"loc":{"start":{"line":97,"column":5},"end":{"line":97,"column":25}}},"11":{"name":"(anonymous_11)","line":113,"loc":{"start":{"line":113,"column":44},"end":{"line":113,"column":67}}},"12":{"name":"(anonymous_12)","line":128,"loc":{"start":{"line":128,"column":44},"end":{"line":128,"column":67}}}},"statementMap":{"1":{"start":{"line":1,"column":0},"end":{"line":3,"column":26}},"2":{"start":{"line":12,"column":0},"end":{"line":14,"column":1}},"3":{"start":{"line":13,"column":2},"end":{"line":13,"column":19}},"4":{"start":{"line":25,"column":0},"end":{"line":43,"column":2}},"5":{"start":{"line":26,"column":2},"end":{"line":30,"column":4}},"6":{"start":{"line":32,"column":2},"end":{"line":32,"column":53}},"7":{"start":{"line":34,"column":2},"end":{"line":34,"column":27}},"8":{"start":{"line":35,"column":2},"end":{"line":41,"column":5}},"9":{"start":{"line":36,"column":4},"end":{"line":39,"column":5}},"10":{"start":{"line":37,"column":6},"end":{"line":37,"column":38}},"11":{"start":{"line":38,"column":6},"end":{"line":38,"column":13}},"12":{"start":{"line":40,"column":4},"end":{"line":40,"column":27}},"13":{"start":{"line":42,"column":2},"end":{"line":42,"column":26}},"14":{"start":{"line":45,"column":0},"end":{"line":47,"column":2}},"15":{"start":{"line":46,"column":2},"end":{"line":46,"column":22}},"16":{"start":{"line":49,"column":0},"end":{"line":53,"column":2}},"17":{"start":{"line":50,"column":2},"end":{"line":52,"column":5}},"18":{"start":{"line":55,"column":0},"end":{"line":63,"column":2}},"19":{"start":{"line":56,"column":2},"end":{"line":62,"column":5}},"20":{"start":{"line":65,"column":0},"end":{"line":73,"column":2}},"21":{"start":{"line":66,"column":2},"end":{"line":72,"column":5}},"22":{"start":{"line":75,"column":0},"end":{"line":83,"column":2}},"23":{"start":{"line":76,"column":2},"end":{"line":82,"column":5}},"24":{"start":{"line":90,"column":0},"end":{"line":106,"column":2}},"25":{"start":{"line":91,"column":2},"end":{"line":91,"column":27}},"26":{"start":{"line":92,"column":2},"end":{"line":104,"column":5}},"27":{"start":{"line":98,"column":4},"end":{"line":103,"column":5}},"28":{"start":{"line":99,"column":6},"end":{"line":99,"column":55}},"29":{"start":{"line":100,"column":6},"end":{"line":100,"column":38}},"30":{"start":{"line":102,"column":6},"end":{"line":102,"column":29}},"31":{"start":{"line":105,"column":2},"end":{"line":105,"column":26}},"32":{"start":{"line":113,"column":0},"end":{"line":121,"column":2}},"33":{"start":{"line":114,"column":2},"end":{"line":120,"column":5}},"34":{"start":{"line":128,"column":0},"end":{"line":136,"column":2}},"35":{"start":{"line":129,"column":2},"end":{"line":135,"column":5}},"36":{"start":{"line":138,"column":0},"end":{"line":138,"column":35}}},"branchMap":{"1":{"line":36,"type":"if","locations":[{"start":{"line":36,"column":4},"end":{"line":36,"column":4}},{"start":{"line":36,"column":4},"end":{"line":36,"column":4}}]},"2":{"line":98,"type":"if","locations":[{"start":{"line":98,"column":4},"end":{"line":98,"column":4}},{"start":{"line":98,"column":4},"end":{"line":98,"column":4}}]}}}}