TN:
SF:/home/spriadka/FeeedHenry/raincatcher-user/lib/constants.js
FNF:0
FNH:0
DA:1,1
LF:1
LH:1
BRF:0
BRH:0
end_of_record
TN:
SF:/home/spriadka/FeeedHenry/raincatcher-user/lib/client/user/user-client.js
FN:12,(anonymous_1)
FN:28,(anonymous_2)
FN:31,(anonymous_3)
FN:32,(anonymous_4)
FN:44,(anonymous_5)
FN:53,(anonymous_6)
FN:54,(anonymous_7)
FN:56,(anonymous_8)
FN:70,(anonymous_9)
FN:89,(anonymous_10)
FN:100,(anonymous_11)
FN:103,(anonymous_12)
FN:106,(anonymous_13)
FN:113,(anonymous_14)
FN:119,(anonymous_15)
FN:125,(anonymous_16)
FN:133,(anonymous_17)
FN:141,(anonymous_18)
FN:149,(anonymous_19)
FN:156,(anonymous_20)
FN:164,(anonymous_21)
FN:184,(anonymous_22)
FN:204,(anonymous_23)
FN:206,(anonymous_24)
FN:208,(anonymous_25)
FN:223,(anonymous_26)
FN:226,(anonymous_27)
FN:232,(anonymous_28)
FN:239,(anonymous_29)
FN:247,(anonymous_30)
FN:252,(anonymous_31)
FN:260,(anonymous_32)
FN:264,(anonymous_33)
FN:277,(anonymous_34)
FN:278,(anonymous_35)
FN:279,(anonymous_36)
FN:283,(anonymous_37)
FNF:37
FNH:18
FNDA:1,(anonymous_1)
FNDA:1,(anonymous_2)
FNDA:1,(anonymous_3)
FNDA:1,(anonymous_4)
FNDA:2,(anonymous_5)
FNDA:2,(anonymous_6)
FNDA:2,(anonymous_7)
FNDA:0,(anonymous_8)
FNDA:1,(anonymous_9)
FNDA:0,(anonymous_10)
FNDA:1,(anonymous_11)
FNDA:1,(anonymous_12)
FNDA:1,(anonymous_13)
FNDA:0,(anonymous_14)
FNDA:0,(anonymous_15)
FNDA:0,(anonymous_16)
FNDA:0,(anonymous_17)
FNDA:0,(anonymous_18)
FNDA:1,(anonymous_19)
FNDA:1,(anonymous_20)
FNDA:1,(anonymous_21)
FNDA:0,(anonymous_22)
FNDA:0,(anonymous_23)
FNDA:0,(anonymous_24)
FNDA:0,(anonymous_25)
FNDA:1,(anonymous_26)
FNDA:1,(anonymous_27)
FNDA:1,(anonymous_28)
FNDA:0,(anonymous_29)
FNDA:0,(anonymous_30)
FNDA:0,(anonymous_31)
FNDA:0,(anonymous_32)
FNDA:1,(anonymous_33)
FNDA:0,(anonymous_34)
FNDA:0,(anonymous_35)
FNDA:0,(anonymous_36)
FNDA:0,(anonymous_37)
DA:3,1
DA:4,1
DA:5,1
DA:6,1
DA:7,1
DA:8,1
DA:10,1
DA:12,1
DA:13,1
DA:14,1
DA:15,1
DA:16,1
DA:19,1
DA:28,1
DA:29,1
DA:31,1
DA:32,1
DA:33,1
DA:34,0
DA:35,0
DA:37,1
DA:38,1
DA:39,1
DA:44,1
DA:45,2
DA:50,2
DA:51,2
DA:53,2
DA:54,2
DA:55,2
DA:57,0
DA:58,0
DA:59,0
DA:61,2
DA:70,1
DA:71,1
DA:73,1
DA:74,1
DA:77,1
DA:80,0
DA:89,1
DA:90,0
DA:91,0
DA:92,0
DA:93,0
DA:94,0
DA:95,0
DA:97,0
DA:100,1
DA:101,1
DA:103,1
DA:104,1
DA:107,1
DA:108,1
DA:113,1
DA:114,0
DA:119,1
DA:120,0
DA:125,1
DA:126,0
DA:133,1
DA:134,0
DA:141,1
DA:142,0
DA:149,1
DA:150,1
DA:151,1
DA:154,1
DA:156,1
DA:157,1
DA:167,1
DA:168,1
DA:169,1
DA:170,0
DA:171,0
DA:173,0
DA:174,0
DA:178,1
DA:180,1
DA:181,1
DA:182,1
DA:194,0
DA:195,0
DA:197,0
DA:201,1
DA:204,1
DA:206,0
DA:207,0
DA:208,0
DA:209,0
DA:210,0
DA:211,0
DA:214,0
DA:216,0
DA:219,0
DA:223,1
DA:224,1
DA:226,1
DA:227,1
DA:228,1
DA:233,1
DA:234,1
DA:239,1
DA:240,0
DA:243,0
DA:244,0
DA:247,0
DA:248,0
DA:253,0
DA:254,0
DA:260,1
DA:261,0
DA:264,1
DA:265,1
DA:269,1
DA:270,0
DA:276,1
DA:277,1
DA:278,0
DA:279,0
DA:280,0
DA:281,0
DA:284,0
DA:290,1
DA:292,1
LF:125
LH:77
BRDA:33,1,0,0
BRDA:33,1,1,1
BRDA:71,2,0,1
BRDA:71,2,1,0
BRDA:71,3,0,1
BRDA:71,3,1,1
BRDA:91,4,0,0
BRDA:91,4,1,0
BRDA:91,5,0,0
BRDA:91,5,1,0
BRDA:169,6,0,0
BRDA:169,6,1,1
BRDA:169,7,0,1
BRDA:169,7,1,1
BRDA:194,8,0,0
BRDA:194,8,1,0
BRDA:209,9,0,0
BRDA:209,9,1,0
BRDA:211,10,0,0
BRDA:211,10,1,0
BRDA:243,11,0,0
BRDA:243,11,1,0
BRDA:243,12,0,0
BRDA:243,12,1,0
BRDA:253,13,0,0
BRDA:253,13,1,0
BRDA:265,14,0,1
BRDA:265,14,1,1
BRDA:269,15,0,0
BRDA:269,15,1,1
BRDA:276,16,0,1
BRDA:276,16,1,0
BRDA:280,17,0,0
BRDA:280,17,1,0
BRF:34
BRH:11
end_of_record
TN:
SF:/home/spriadka/FeeedHenry/raincatcher-user/lib/config/config-user.js
FNF:0
FNH:0
DA:3,1
LF:1
LH:1
BRDA:7,1,0,1
BRDA:7,1,1,1
BRF:2
BRH:2
end_of_record
TN:
SF:/home/spriadka/FeeedHenry/raincatcher-user/lib/security/aes.js
FN:9,encrypt
FN:22,decrypt
FNF:2
FNH:2
FNDA:4,encrypt
FNDA:3,decrypt
DA:1,1
DA:9,1
DA:10,4
DA:11,2
DA:13,2
DA:22,1
DA:24,3
DA:25,2
DA:28,1
DA:29,1
DA:30,1
DA:32,0
DA:34,1
DA:37,1
LF:14
LH:13
BRDA:10,1,0,2
BRDA:10,1,1,2
BRDA:10,2,0,4
BRDA:10,2,1,2
BRDA:24,3,0,2
BRDA:24,3,1,1
BRDA:24,4,0,3
BRDA:24,4,1,2
BRF:8
BRH:8
end_of_record
TN:
SF:/home/spriadka/FeeedHenry/raincatcher-user/lib/security/sha256.js
FN:8,hash
FNF:1
FNH:1
FNDA:3,hash
DA:1,1
DA:8,1
DA:9,3
DA:10,1
DA:12,2
DA:13,2
DA:16,1
LF:7
LH:7
BRDA:9,1,0,1
BRDA:9,1,1,2
BRF:2
BRH:2
end_of_record
TN:
SF:/home/spriadka/FeeedHenry/raincatcher-user/lib/mbaas/hash.js
FN:10,genSalt
FN:22,pbkdf2
FN:47,(anonymous_3)
FN:49,(anonymous_4)
FN:76,(anonymous_5)
FN:86,(anonymous_6)
FNF:6
FNH:6
FNDA:13,genSalt
FNDA:25,pbkdf2
FNDA:13,(anonymous_3)
FNDA:13,(anonymous_4)
FNDA:13,(anonymous_5)
FNDA:12,(anonymous_6)
DA:1,1
DA:2,1
DA:4,1
DA:5,1
DA:6,1
DA:7,1
DA:8,1
DA:10,1
DA:11,13
DA:22,1
DA:23,25
DA:24,25
DA:26,0
DA:47,1
DA:48,13
DA:49,13
DA:50,13
DA:51,0
DA:54,13
DA:55,13
DA:76,1
DA:77,13
DA:78,13
DA:79,1
DA:81,12
DA:82,12
DA:83,12
DA:84,12
DA:86,12
DA:88,12
DA:89,0
DA:90,0
DA:91,0
DA:94,0
DA:96,0
DA:98,12
DA:102,1
LF:37
LH:30
BRDA:23,1,0,25
BRDA:23,1,1,0
BRDA:50,2,0,0
BRDA:50,2,1,13
BRDA:78,3,0,1
BRDA:78,3,1,12
BRDA:78,4,0,13
BRDA:78,4,1,13
BRDA:88,5,0,0
BRDA:88,5,1,12
BRF:10
BRH:7
end_of_record
TN:
SF:/home/spriadka/FeeedHenry/raincatcher-user/lib/mbaas/mbaas-session-middleware.js
FN:15,init
FN:30,(anonymous_2)
FN:43,verifySession
FN:50,(anonymous_4)
FN:59,revokeSession
FN:68,addConfigDefaults
FNF:6
FNH:3
FNDA:5,init
FNDA:5,(anonymous_2)
FNDA:0,verifySession
FNDA:0,(anonymous_4)
FNDA:0,revokeSession
FNDA:5,addConfigDefaults
DA:1,2
DA:2,2
DA:3,2
DA:6,2
DA:15,1
DA:16,5
DA:17,0
DA:20,5
DA:22,5
DA:23,0
DA:26,5
DA:27,5
DA:29,5
DA:30,5
DA:31,5
DA:32,0
DA:34,5
DA:35,5
DA:43,1
DA:44,0
DA:45,0
DA:46,0
DA:47,0
DA:50,0
DA:51,0
DA:52,0
DA:54,0
DA:55,0
DA:59,1
DA:60,0
DA:61,0
DA:62,0
DA:65,0
DA:68,1
DA:69,5
DA:85,2
LF:36
LH:20
BRDA:16,1,0,0
BRDA:16,1,1,5
BRDA:20,2,0,5
BRDA:20,2,1,3
BRDA:22,3,0,0
BRDA:22,3,1,5
BRDA:31,4,0,0
BRDA:31,4,1,5
BRDA:44,5,0,0
BRDA:44,5,1,0
BRDA:45,6,0,0
BRDA:45,6,1,0
BRDA:51,7,0,0
BRDA:51,7,1,0
BRDA:60,8,0,0
BRDA:60,8,1,0
BRDA:61,9,0,0
BRDA:61,9,1,0
BRDA:71,10,0,5
BRDA:71,10,1,5
BRF:20
BRH:7
end_of_record
TN:
SF:/home/spriadka/FeeedHenry/raincatcher-user/lib/mbaas/session/index.js
FNF:0
FNH:0
DA:1,2
LF:1
LH:1
BRF:0
BRH:0
end_of_record
TN:
SF:/home/spriadka/FeeedHenry/raincatcher-user/lib/mbaas/session/mongoProvider.js
FN:3,(anonymous_1)
FN:6,(anonymous_2)
FN:15,(anonymous_3)
FN:19,(anonymous_4)
FN:25,(anonymous_5)
FNF:5
FNH:0
FNDA:0,(anonymous_1)
FNDA:0,(anonymous_2)
FNDA:0,(anonymous_3)
FNDA:0,(anonymous_4)
FNDA:0,(anonymous_5)
DA:1,2
DA:2,2
DA:4,0
DA:5,0
DA:6,0
DA:7,0
DA:8,0
DA:10,0
DA:11,0
DA:12,0
DA:17,0
DA:21,0
DA:22,0
DA:26,0
LF:14
LH:2
BRDA:7,1,0,0
BRDA:7,1,1,0
BRDA:21,2,0,0
BRDA:21,2,1,0
BRDA:21,2,2,0
BRF:5
BRH:0
end_of_record
TN:
SF:/home/spriadka/FeeedHenry/raincatcher-user/lib/mbaas/session/redisProvider.js
FN:4,(anonymous_1)
FN:11,(anonymous_2)
FN:14,(anonymous_3)
FN:18,(anonymous_4)
FN:19,(anonymous_5)
FN:23,(anonymous_6)
FN:24,(anonymous_7)
FNF:7
FNH:2
FNDA:3,(anonymous_1)
FNDA:3,(anonymous_2)
FNDA:0,(anonymous_3)
FNDA:0,(anonymous_4)
FNDA:0,(anonymous_5)
FNDA:0,(anonymous_6)
FNDA:0,(anonymous_7)
DA:1,2
DA:2,2
DA:3,2
DA:5,3
DA:6,3
DA:7,3
DA:10,3
DA:11,3
DA:12,3
DA:14,3
DA:15,0
DA:19,0
DA:20,0
DA:24,0
DA:25,0
LF:15
LH:10
BRF:0
BRH:0
end_of_record
TN:
SF:/home/spriadka/FeeedHenry/raincatcher-user/lib/mbaas/index.js
FN:10,initRouter
FN:13,(anonymous_2)
FN:25,(anonymous_3)
FN:33,(anonymous_4)
FN:47,(anonymous_5)
FN:55,(anonymous_6)
FN:61,(anonymous_7)
FN:65,(anonymous_8)
FN:66,(anonymous_9)
FN:68,(anonymous_10)
FN:75,(anonymous_11)
FN:78,(anonymous_12)
FN:84,(anonymous_13)
FN:87,(anonymous_14)
FN:92,(anonymous_15)
FN:99,(anonymous_16)
FN:104,(anonymous_17)
FN:107,(anonymous_18)
FN:122,trimProfileData
FN:138,init
FN:140,(anonymous_21)
FNF:21
FNH:8
FNDA:3,initRouter
FNDA:3,(anonymous_2)
FNDA:1,(anonymous_3)
FNDA:1,(anonymous_4)
FNDA:2,(anonymous_5)
FNDA:0,(anonymous_6)
FNDA:0,(anonymous_7)
FNDA:0,(anonymous_8)
FNDA:0,(anonymous_9)
FNDA:0,(anonymous_10)
FNDA:0,(anonymous_11)
FNDA:0,(anonymous_12)
FNDA:0,(anonymous_13)
FNDA:0,(anonymous_14)
FNDA:0,(anonymous_15)
FNDA:0,(anonymous_16)
FNDA:0,(anonymous_17)
FNDA:0,(anonymous_18)
FNDA:8,trimProfileData
FNDA:3,init
FNDA:3,(anonymous_21)
DA:3,1
DA:4,1
DA:5,1
DA:6,1
DA:7,1
DA:8,1
DA:10,1
DA:11,3
DA:13,3
DA:14,3
DA:15,3
DA:18,3
DA:19,0
DA:20,0
DA:24,3
DA:27,1
DA:33,1
DA:35,1
DA:36,0
DA:39,1
DA:50,2
DA:51,2
DA:55,3
DA:56,0
DA:61,3
DA:62,0
DA:65,3
DA:66,0
DA:68,0
DA:69,0
DA:71,0
DA:73,0
DA:75,3
DA:76,0
DA:78,0
DA:79,0
DA:80,0
DA:82,0
DA:84,3
DA:85,0
DA:86,0
DA:87,0
DA:88,0
DA:90,0
DA:92,3
DA:93,0
DA:94,0
DA:95,0
DA:96,0
DA:97,0
DA:99,0
DA:100,0
DA:102,0
DA:104,3
DA:105,0
DA:106,0
DA:107,0
DA:108,0
DA:110,0
DA:112,3
DA:122,1
DA:123,8
DA:125,2
DA:127,6
DA:138,1
DA:140,3
DA:141,3
DA:142,0
DA:146,3
DA:156,3
DA:157,3
DA:158,3
DA:162,1
LF:73
LH:39
BRDA:15,1,0,3
BRDA:15,1,1,3
BRDA:15,1,2,0
BRDA:18,2,0,0
BRDA:18,2,1,3
BRDA:35,3,0,0
BRDA:35,3,1,1
BRDA:51,4,0,0
BRDA:51,4,1,2
BRDA:96,5,0,0
BRDA:96,5,1,0
BRDA:123,6,0,2
BRDA:123,6,1,6
BRDA:141,7,0,0
BRDA:141,7,1,3
BRF:15
BRH:8
end_of_record
TN:
SF:/home/spriadka/FeeedHenry/raincatcher-user/lib/mbaas/mbaas-auth.js
FN:12,(anonymous_1)
FN:21,checkAuthentication
FNF:2
FNH:2
FNDA:3,(anonymous_1)
FNDA:1,checkAuthentication
DA:1,1
DA:12,1
DA:21,1
DA:22,1
DA:23,1
DA:25,0
DA:26,0
DA:27,0
DA:31,3
LF:9
LH:6
BRDA:22,1,0,1
BRDA:22,1,1,0
BRF:2
BRH:1
end_of_record
TN:
SF:/home/spriadka/FeeedHenry/raincatcher-user/lib/mbaas/store.js
FN:9,stripPassword
FN:18,hashUserPassword
FN:19,(anonymous_3)
FN:25,decorateStore
FN:31,(anonymous_5)
FN:38,(anonymous_6)
FN:39,(anonymous_7)
FN:47,(anonymous_8)
FN:57,(anonymous_9)
FN:69,(anonymous_10)
FN:85,(anonymous_11)
FN:87,(anonymous_12)
FN:91,(anonymous_13)
FN:101,(anonymous_14)
FN:106,doVerify
FN:108,(anonymous_16)
FN:124,(anonymous_17)
FN:126,(anonymous_18)
FN:130,(anonymous_19)
FN:136,(anonymous_20)
FN:140,(anonymous_21)
FN:141,(anonymous_22)
FN:143,(anonymous_23)
FN:147,(anonymous_24)
FN:148,(anonymous_25)
FN:150,(anonymous_26)
FN:154,(anonymous_27)
FN:155,(anonymous_28)
FN:157,(anonymous_29)
FN:164,initializeUserStoreClass
FNF:30
FNH:27
FNDA:18,stripPassword
FNDA:10,hashUserPassword
FNDA:10,(anonymous_3)
FNDA:1,decorateStore
FNDA:8,(anonymous_5)
FNDA:4,(anonymous_6)
FNDA:4,(anonymous_7)
FNDA:16,(anonymous_8)
FNDA:5,(anonymous_9)
FNDA:4,(anonymous_10)
FNDA:4,(anonymous_11)
FNDA:4,(anonymous_12)
FNDA:2,(anonymous_13)
FNDA:2,(anonymous_14)
FNDA:11,doVerify
FNDA:9,(anonymous_16)
FNDA:7,(anonymous_17)
FNDA:7,(anonymous_18)
FNDA:3,(anonymous_19)
FNDA:3,(anonymous_20)
FNDA:1,(anonymous_21)
FNDA:1,(anonymous_22)
FNDA:0,(anonymous_23)
FNDA:2,(anonymous_24)
FNDA:2,(anonymous_25)
FNDA:0,(anonymous_26)
FNDA:1,(anonymous_27)
FNDA:1,(anonymous_28)
FNDA:0,(anonymous_29)
FNDA:1,initializeUserStoreClass
DA:1,1
DA:2,1
DA:3,1
DA:4,1
DA:6,1
DA:7,1
DA:9,1
DA:10,18
DA:11,18
DA:12,15
DA:15,17
DA:18,1
DA:19,10
DA:20,10
DA:21,10
DA:25,1
DA:26,1
DA:27,1
DA:28,1
DA:29,1
DA:31,1
DA:32,8
DA:33,8
DA:38,1
DA:39,4
DA:40,4
DA:41,1
DA:43,3
DA:47,1
DA:48,16
DA:57,1
DA:58,5
DA:69,1
DA:70,4
DA:71,4
DA:85,1
DA:86,4
DA:87,4
DA:88,4
DA:92,2
DA:93,0
DA:96,2
DA:97,2
DA:102,2
DA:106,1
DA:108,11
DA:109,9
DA:110,3
DA:112,6
DA:124,1
DA:125,7
DA:127,7
DA:131,3
DA:136,1
DA:137,3
DA:138,3
DA:139,3
DA:141,1
DA:142,1
DA:144,0
DA:148,2
DA:149,2
DA:151,0
DA:155,1
DA:156,1
DA:158,0
DA:164,1
DA:165,1
DA:166,1
DA:167,1
LF:70
LH:66
BRDA:11,1,0,15
BRDA:11,1,1,2
BRDA:40,2,0,1
BRDA:40,2,1,3
BRDA:70,3,0,2
BRDA:70,3,1,2
BRDA:92,4,0,0
BRDA:92,4,1,2
BRDA:109,5,0,3
BRDA:109,5,1,6
BRF:10
BRH:9
end_of_record
TN:
SF:/home/spriadka/FeeedHenry/raincatcher-user/lib/client/user/mediator-topics/list.js
FN:8,listUsersSubscriber
FN:16,handleListUsersTopic
FNF:2
FNH:2
FNDA:2,listUsersSubscriber
FNDA:2,handleListUsersTopic
DA:8,1
DA:16,2
DA:17,2
LF:3
LH:3
BRF:0
BRH:0
end_of_record
TN:
SF:/home/spriadka/FeeedHenry/raincatcher-user/lib/client/user/mediator-topics/read_profile.js
FN:9,readCurrentLoggedInUser
FN:19,handleReadCurrentLoggedInUser
FN:26,(anonymous_3)
FN:28,(anonymous_4)
FNF:4
FNH:4
FNDA:3,readCurrentLoggedInUser
FNDA:3,handleReadCurrentLoggedInUser
FNDA:2,(anonymous_3)
FNDA:1,(anonymous_4)
DA:1,1
DA:9,1
DA:19,3
DA:20,3
DA:21,3
DA:22,3
DA:23,3
DA:25,3
DA:27,2
DA:29,1
LF:10
LH:10
BRDA:21,1,0,3
BRDA:21,1,1,0
BRF:2
BRH:1
end_of_record
TN:
SF:/home/spriadka/FeeedHenry/raincatcher-user/lib/client/user/mediator-topics/read.js
FN:8,listUsersSubscriber
FN:19,handleReadUsersTopic
FNF:2
FNH:2
FNDA:3,listUsersSubscriber
FNDA:3,handleReadUsersTopic
DA:8,1
DA:19,3
DA:20,3
DA:21,3
LF:4
LH:4
BRDA:20,1,0,3
BRDA:20,1,1,0
BRF:2
BRH:1
end_of_record
TN:
SF:/home/spriadka/FeeedHenry/raincatcher-user/lib/cloud/group/group-router.js
FN:14,initRouter
FN:17,(anonymous_2)
FN:21,(anonymous_3)
FN:25,(anonymous_4)
FN:29,(anonymous_5)
FN:33,(anonymous_6)
FN:45,groupRouterInit
FNF:7
FNH:7
FNDA:11,initRouter
FNDA:1,(anonymous_2)
FNDA:3,(anonymous_3)
FNDA:3,(anonymous_4)
FNDA:1,(anonymous_5)
FNDA:3,(anonymous_6)
FNDA:11,groupRouterInit
DA:3,1
DA:6,1
DA:14,1
DA:15,11
DA:17,11
DA:18,1
DA:21,11
DA:22,3
DA:25,11
DA:26,3
DA:29,11
DA:30,1
DA:33,11
DA:34,3
DA:37,11
DA:45,1
DA:46,11
DA:47,11
LF:18
LH:18
BRF:0
BRH:0
end_of_record
TN:
SF:/home/spriadka/FeeedHenry/raincatcher-user/lib/config/config-group.js
FNF:0
FNH:0
DA:3,1
LF:1
LH:1
BRF:0
BRH:0
end_of_record
TN:
SF:/home/spriadka/FeeedHenry/raincatcher-user/lib/cloud/topicResponseHandler.js
FN:6,handlePromiseResponse
FN:7,(anonymous_2)
FN:9,(anonymous_3)
FNF:3
FNH:3
FNDA:110,handlePromiseResponse
FNDA:22,(anonymous_2)
FNDA:12,(anonymous_3)
DA:6,1
DA:7,110
DA:8,22
DA:10,12
LF:4
LH:4
BRF:0
BRH:0
end_of_record
TN:
SF:/home/spriadka/FeeedHenry/raincatcher-user/lib/cloud/group/groupOperations/index.js
FN:6,GroupOperations
FN:19,createGroup
FN:31,updateGroup
FN:42,readGroup
FN:52,listGroups
FN:63,listGroups
FNF:6
FNH:6
FNDA:11,GroupOperations
FNDA:1,createGroup
FNDA:3,updateGroup
FNDA:3,readGroup
FNDA:1,listGroups
FNDA:3,listGroups
DA:1,1
DA:2,1
DA:4,1
DA:6,1
DA:7,11
DA:19,1
DA:20,1
DA:21,1
DA:31,1
DA:32,3
DA:42,1
DA:43,3
DA:52,1
DA:53,1
DA:63,1
DA:64,3
DA:68,1
LF:17
LH:17
BRF:0
BRH:0
end_of_record
TN:
SF:/home/spriadka/FeeedHenry/raincatcher-user/lib/cloud/membership/membership-router.js
FN:13,initRouter
FN:16,(anonymous_2)
FN:20,(anonymous_3)
FN:24,(anonymous_4)
FN:28,(anonymous_5)
FN:32,(anonymous_6)
FN:44,membershipRouterInit
FNF:7
FNH:7
FNDA:11,initRouter
FNDA:1,(anonymous_2)
FNDA:3,(anonymous_3)
FNDA:3,(anonymous_4)
FNDA:1,(anonymous_5)
FNDA:3,(anonymous_6)
FNDA:11,membershipRouterInit
DA:3,1
DA:4,1
DA:5,1
DA:13,1
DA:14,11
DA:16,11
DA:17,1
DA:20,11
DA:21,3
DA:24,11
DA:25,3
DA:28,11
DA:29,1
DA:32,11
DA:33,3
DA:36,11
DA:44,1
DA:45,11
DA:46,11
LF:19
LH:19
BRF:0
BRH:0
end_of_record
TN:
SF:/home/spriadka/FeeedHenry/raincatcher-user/lib/config/config-membership.js
FNF:0
FNH:0
DA:3,1
LF:1
LH:1
BRF:0
BRH:0
end_of_record
TN:
SF:/home/spriadka/FeeedHenry/raincatcher-user/lib/cloud/membership/membershipOperations/index.js
FN:6,MembershipOperations
FN:19,createMembership
FN:31,updateMembership
FN:42,readMembership
FN:52,listMemberships
FN:63,listMemberships
FNF:6
FNH:6
FNDA:11,MembershipOperations
FNDA:1,createMembership
FNDA:3,updateMembership
FNDA:3,readMembership
FNDA:1,listMemberships
FNDA:3,listMemberships
DA:1,1
DA:2,1
DA:4,1
DA:6,1
DA:7,11
DA:19,1
DA:20,1
DA:21,1
DA:31,1
DA:32,3
DA:42,1
DA:43,3
DA:52,1
DA:53,1
DA:63,1
DA:64,3
DA:68,1
LF:17
LH:17
BRF:0
BRH:0
end_of_record
TN:
SF:/home/spriadka/FeeedHenry/raincatcher-user/lib/cloud/middleware/validateSession.js
FN:14,validateSession
FN:16,validateSessionMiddleware
FN:34,(anonymous_3)
FN:43,(anonymous_4)
FNF:4
FNH:4
FNDA:4,validateSession
FNDA:4,validateSessionMiddleware
FNDA:3,(anonymous_3)
FNDA:2,(anonymous_4)
DA:1,4
DA:2,4
DA:14,4
DA:16,4
DA:19,4
DA:20,4
DA:21,4
DA:24,4
DA:25,0
DA:26,0
DA:30,4
DA:31,1
DA:34,3
DA:35,3
DA:36,0
DA:39,3
DA:40,1
DA:43,2
DA:44,2
DA:45,0
DA:48,2
DA:49,1
DA:52,1
LF:23
LH:19
BRDA:19,1,0,4
BRDA:19,1,1,0
BRDA:20,2,0,4
BRDA:20,2,1,1
BRDA:25,3,0,0
BRDA:25,3,1,0
BRDA:30,4,0,1
BRDA:30,4,1,3
BRDA:35,5,0,0
BRDA:35,5,1,3
BRDA:39,6,0,1
BRDA:39,6,1,2
BRDA:44,7,0,0
BRDA:44,7,1,2
BRDA:48,8,0,1
BRDA:48,8,1,1
BRF:16
BRH:11
end_of_record
TN:
SF:/home/spriadka/FeeedHenry/raincatcher-user/lib/cloud/middleware/sessionCache.js
FN:10,checkSession
FN:16,(anonymous_2)
FN:32,saveSession
FN:41,(anonymous_4)
FNF:4
FNH:2
FNDA:3,checkSession
FNDA:3,(anonymous_2)
FNDA:0,saveSession
FNDA:0,(anonymous_4)
DA:1,1
DA:10,1
DA:11,3
DA:16,3
DA:17,3
DA:18,0
DA:20,3
DA:32,1
DA:34,0
DA:41,0
DA:42,0
DA:46,1
LF:12
LH:8
BRDA:17,1,0,0
BRDA:17,1,1,3
BRF:2
BRH:1
end_of_record
TN:
SF:/home/spriadka/FeeedHenry/raincatcher-user/lib/cloud/middleware/verifySession.js
FN:14,verifySession
FN:16,(anonymous_2)
FN:21,(anonymous_3)
FN:30,(anonymous_4)
FNF:4
FNH:0
FNDA:0,verifySession
FNDA:0,(anonymous_2)
FNDA:0,(anonymous_3)
FNDA:0,(anonymous_4)
DA:1,1
DA:14,1
DA:15,0
DA:17,0
DA:18,0
DA:21,0
DA:22,0
DA:23,0
DA:26,0
DA:31,0
LF:10
LH:2
BRDA:17,1,0,0
BRDA:17,1,1,0
BRDA:17,2,0,0
BRDA:17,2,1,0
BRDA:22,3,0,0
BRDA:22,3,1,0
BRF:6
BRH:0
end_of_record
TN:
SF:/home/spriadka/FeeedHenry/raincatcher-user/lib/cloud/user/user-session.js
FN:5,initRouter
FN:8,(anonymous_2)
FN:10,(anonymous_3)
FN:12,(anonymous_4)
FN:17,(anonymous_5)
FN:20,(anonymous_6)
FN:22,(anonymous_7)
FN:27,(anonymous_8)
FN:30,(anonymous_9)
FN:32,(anonymous_10)
FN:47,(anonymous_11)
FN:56,(anonymous_12)
FN:59,(anonymous_13)
FN:63,(anonymous_14)
FNF:14
FNH:4
FNDA:2,initRouter
FNDA:0,(anonymous_2)
FNDA:0,(anonymous_3)
FNDA:0,(anonymous_4)
FNDA:0,(anonymous_5)
FNDA:0,(anonymous_6)
FNDA:0,(anonymous_7)
FNDA:0,(anonymous_8)
FNDA:0,(anonymous_9)
FNDA:0,(anonymous_10)
FNDA:2,(anonymous_11)
FNDA:3,(anonymous_12)
FNDA:3,(anonymous_13)
FNDA:0,(anonymous_14)
DA:1,2
DA:5,1
DA:6,2
DA:8,2
DA:9,0
DA:10,0
DA:11,0
DA:13,0
DA:17,2
DA:18,0
DA:19,0
DA:20,0
DA:21,0
DA:23,0
DA:27,2
DA:28,0
DA:29,0
DA:30,0
DA:31,0
DA:33,0
DA:37,2
DA:47,2
DA:48,2
DA:49,2
DA:51,2
DA:52,2
DA:53,2
DA:56,2
DA:58,3
DA:61,3
DA:64,0
LF:31
LH:16
BRDA:9,1,0,0
BRDA:9,1,1,0
BRDA:9,1,2,0
BRDA:18,2,0,0
BRDA:18,2,1,0
BRDA:19,3,0,0
BRDA:19,3,1,0
BRDA:28,4,0,0
BRDA:28,4,1,0
BRDA:29,5,0,0
BRDA:29,5,1,0
BRF:11
BRH:0
end_of_record
TN:
SF:/home/spriadka/FeeedHenry/raincatcher-user/lib/cloud/user/mbaas-service-proxy.js
FN:12,MbaasServiceProxy
FN:25,(anonymous_2)
FN:35,(anonymous_3)
FN:45,(anonymous_4)
FN:49,(anonymous_5)
FN:55,(anonymous_6)
FN:65,(anonymous_7)
FN:75,(anonymous_8)
FN:90,(anonymous_9)
FN:97,(anonymous_10)
FN:113,(anonymous_11)
FN:128,(anonymous_12)
FNF:12
FNH:0
FNDA:0,MbaasServiceProxy
FNDA:0,(anonymous_2)
FNDA:0,(anonymous_3)
FNDA:0,(anonymous_4)
FNDA:0,(anonymous_5)
FNDA:0,(anonymous_6)
FNDA:0,(anonymous_7)
FNDA:0,(anonymous_8)
FNDA:0,(anonymous_9)
FNDA:0,(anonymous_10)
FNDA:0,(anonymous_11)
FNDA:0,(anonymous_12)
DA:1,1
DA:12,1
DA:13,0
DA:25,1
DA:26,0
DA:32,0
DA:34,0
DA:35,0
DA:36,0
DA:37,0
DA:38,0
DA:40,0
DA:42,0
DA:45,1
DA:46,0
DA:49,1
DA:50,0
DA:55,1
DA:56,0
DA:65,1
DA:66,0
DA:75,1
DA:76,0
DA:90,1
DA:91,0
DA:92,0
DA:98,0
DA:99,0
DA:100,0
DA:102,0
DA:105,0
DA:113,1
DA:114,0
DA:128,1
DA:129,0
DA:138,1
LF:36
LH:12
BRDA:36,1,0,0
BRDA:36,1,1,0
BRDA:98,2,0,0
BRDA:98,2,1,0
BRF:4
BRH:0
end_of_record
